8313100010023052
8313100010028432
8313100010067190
8313100010072471
8313100010084757
8313100010107277
8313100010117110
8313100010145103
8313100010146135
8313100010150954
8313100010154378
8313100010154592
8313100010159971
8313100010162637
8313100010179458
8313100010186156
8313100010223629
8313100010235425
8313100010245754
8313100010375205
8313100010385816
8313100010393778
8313100010398470
8313100010413006
8313100010413352
8313100010414590
8313100010425315
8313100010437120
8313100010442880
8313100010448721
8313100010462110
8313100010467531
8313100010473380
8313100010481441
8313100010483108
8313100010485913
8313100010500414
8313100010606377
8313100010646738
8313100040544168
8313100040544622
8313100040544671
8313100040544721
8313100040544762
8313100040544770
8313100040544788
8313100050243263
8313100110112425
8313100160148527
8313100220256849
8313100310176725
8313100370165816
8313100480232167
8313100480234601
8313100500001675
8313100750015060
8313200010353473
8313200010867910
8313200010867969
8313200010868165
8313200010868819
8313200010868926
8313200010869791
8313200010869817
8313200010869858
8313200010869866
8313200010869916
8313200010870096
8313200010870351
8313200010870542
8313200010870633
8313200010870682
8313200010871052
8313200010871169
8313200010871219
8313200010871227
8313200010871326
8313200010871409
8313200010871839
8313200010871987
8313200010872167
8313200010872217
8313200010872266
8313200010872514
8313200010872530
8313200010872647
8313200010872852
8313200010872878
8313200010872977
8313200010872985
8313200010873132
8313200010873157
8313200010873215
8313200010873371
8313200010873389
8313200010873405
8313200010873546
8313200010873611
8313200010873702
8313200010873835
8313200010874262
8313200010874270
8313200010874346
8313200010874411
8313200010874478
8313200010874569
8313200010874650
8313200010875046
8313200010875319
8313200010875392
8313200010875483
8313200010875566
8313200010875970
8313200010876499
8313200010876630
8313200010876853
8313200010876945
8313200010877612
8313200010877745
8313200010877943
8313200010878099
8313200010878156
8313200010878321
8313200010878511
8313200010878636
8313200010878818
8313200010878909
8313200010878990
8313200010879089
8313200010879253
8313200010879394
8313200010879600
8313200010879618
8313200010879626
8313200010879766
8313200010879881
8313200010879964
8313200010880020
8313200010880103
8313200010880897
8313200010880962
8313200010881085
8313200010881168
8313200010881234
8313200010881432
8313200010881572
8313200010881689
8313200010882034
8313200010882232
8313200010882257
8313200010882554
8313200010883107
8313200010883123
8313200010883164
8313200010883438
8313200010883545
8313200010883602
8313200010883750
8313200010883784
8313200010883867
8313200010884279
8313200010884329
8313200010884519
8313200010884626
8313200010884691
8313200010884733
8313200010884840
8313200010884931
8313200010884956
8313200010885052
8313200010885086
8313200010885631
8313200010885987
8313200010886035
8313200010886340
8313200010886522
8313200010886613
8313200010887256
8313200010887363
8313200010887652
8313200010887835
8313200010888320
8313200010888395
8313200010888494
8313200010888866
8313200010889351
8313200010889617
8313200010889740
8313200010889823
8313200010889963
8313200010890102
8313200010890367
8313200010890375
8313200010890557
8313200010890565
8313200010890656
8313200010890730
8313200010890847
8313200010890896
8313200010890912
8313200010891225
8313200010891530
8313200010891704
8313200010892090
8313200010892389
8313200010892561
8313200010892579
8313200010892827
8313200010893049
8313200010893429
8313200010893445
8313200010893452
8313200010893650
8313200010893940
8313200010894773
8313200010895200
8313200010895481
8313200010895648
8313200010895838
8313200010895960
8313200010896042
8313200010896273
8313200010897487
8313200010897545
8313200010897594
8313200010897826
8313200010897925
8313200010898188
8313200010898204
8313200010898345
8313200010898584
8313200010898725
8313200010898774
8313200010898964
8313200010898998
8313200010899053
8313200010899269
8313200010899319
8313200010899798
8313200010899814
8313200010900067
8313200010900406
8313200010900893
8313200010900927
8313200010901065
8313200010901347
8313200010901602
8313200010901982
8313200010902048
8313200010902089
8313200010902097
8313200010902105
8313200010902386
8313200010902634
8313200010902923
8313200010903368
8313200010903632
8313200010903681
8313200010903764
8313200010903954
8313200010903962
8313200010904135
8313200010904804
8313200010904846
8313200010904986
8313200010905041
8313200010905108
8313200010905116
8313200010905181
8313200010905199
8313200010905223
8313200010905306
8313200010905355
8313200010905660
8313200010905694
8313200010906429
8313200010906494
8313200010906726
8313200010907203
8313200010907393
8313200010907427
8313200010907559
8313200010908581
8313200010909399
8313200010909456
8313200010909571
8313200010909654
8313200010909936
8313200010910173
8313200010910256
8313200010910272
8313200010910306
8313200010910652
8313200010910660
8313200010910686
8313200010910884
8313200010910942
8313200010911056
8313200010911288
8313200010911312
8313200010911346
8313200010911536
8313200010911924
8313200010912138
8313200010912609
8313200010912708
8313200010912765
8313200010913151
8313200010913169
8313200010913292
8313200010913334
8313200010913730
8313200010913789
8313200010914431
8313200010914480
8313200010914712
8313200010914738
8313200010915024
8313200010915222
8313200010915313
8313200010915727
8313200010915982
8313200010916162
8313200010916394
8313200010916410
8313200010916576
8313200010916923
8313200010917038
8313200010917194
8313200010917251
8313200010917277
8313200010917624
8313200010917855
8313200010918119
8313200010918242
8313200010918325
8313200010918689
8313200010918713
8313200010918895
8313200010918952
8313200010919406
8313200010919752
8313200010919893
8313200010919992
8313200010920040
8313200010920396
8313200010920644
8313200010920925
8313200010921212
8313200010921394
8313200010921436
8313200010921659
8313200010922111
8313200010922152
8313200010922244
8313200010922434
8313200010923200
8313200010923556
8313200010923689
8313200010924083
8313200010924323
8313200010924489
8313200010924539
8313200010924851
8313200010925403
8313200010925569
8313200010925577
8313200010925783
8313200010925999
8313200010926161
8313200010926799
8313200010927011
8313200010927052
8313200010927458
8313200010927607
8313200010927714
8313200010927789
8313200010927847
8313200010928175
8313200010928290
8313200010928647
8313200010928886
8313200010929207
8313200010929314
8313200010929371
8313200010929447
8313200010929504
8313200010929579
8313200010929702
8313200010929876
8313200010930056
8313200010930064
8313200010930395
8313200010930866
8313200010930940
8313200010931104
8313200010931427
8313200010931575
8313200010931963
8313200010931997
8313200010932094
8313200010932334
8313200010932466
8313200010932482
8313200010932706
8313200010932763
8313200010933001
8313200010933068
8313200010933191
8313200010933217
8313200010933282
8313200010933290
8313200010933589
8313200010933654
8313200010933712
8313200010933886
8313200010933910
8313200010934116
8313200010934496
8313200010934801
8313200010934900
8313200010934991
8313200010935188
8313200010935485
8313200010935667
8313200010935741
8313200010935832
8313200010935865
8313200010936251
8313200010936277
8313200010936368
8313200010936657
8313200010936822
8313200010936905
8313200010937143
8313200010937275
8313200010937333
8313200010937515
8313200010937770
8313200010938141
8313200010938620
8313200010939305
8313200010939321
8313200010939818
8313200010939941
8313200010940014
8313200010940634
8313200010940758
8313200010940808
8313200010941483
8313200010941509
8313200010941863
8313200010941921
8313200010942002
8313200010942077
8313200010942218
8313200010942291
8313200010942341
8313200010942713
8313200010942796
8313200010943000
8313200010943026
8313200010943356
8313200010943372
8313200010943406
8313200010943646
8313200010944032
8313200010944263
8313200010944297
8313200010944446
8313200010944545
8313200010944933
8313200010945922
8313200010946151
8313200010946342
8313200010946367
8313200010946383
8313200010946516
8313200010946706
8313200010946979
8313200010947266
8313200010947506
8313200010947720
8313200010947944
8313200010948066
8313200010948082
8313200010948199
8313200010948470
8313200010948561
8313200010948611
8313200010948819
8313200010949072
8313200010949858
8313200010949924
8313200010950005
8313200010950096
8313200010950351
8313200010950690
8313200010950724
8313200010950880
8313200010951003
8313200010951292
8313200010952217
8313200010952811
8313200010952936
8313200010953454
8313200010953884
8313200010953926
8313200010954106
8313200010954262
8313200010954411
8313200010955525
8313200010955541
8313200010955590
8313200010956176
8313200010956556
8313200010956812
8313200010957141
8313200010957570
8313200010957760
8313200010957976
8313200010958362
8313200010958495
8313200010958636
8313200010959063
8313200010959311
8313200010959378
8313200010959683
8313200010959717
8313200010959840
8313200010960053
8313200010960251
8313200010960855
8313200010960863
8313200010961333
8313200010961499
8313200010961614
8313200010961861
8313200010961960
8313200010962075
8313200010962117
8313200010962182
8313200010962976
8313200010963883
8313200010964089
8313200010964253
8313200010964956
8313200010966209
8313200010966258
8313200010966688
8313200010967124
8313200010967389
8313200010967694
8313200010967751
8313200010967819
8313200010967884
8313200010968536
8313200010968718
8313200010969146
8313200010969815
8313200010970094
8313200010970441
8313200010970581
8313200010970706
8313200010971209
8313200010971332
8313200010971456
8313200010972132
8313200010972652
8313200010972819
8313200010973254
8313200010973429
8313200010973882
8313200010974294
8313200010974328
8313200010974468
8313200010974526
8313200010974989
8313200010975010
8313200010975416
8313200010975747
8313200010975770
8313200010975937
8313200010976257
8313200010976554
8313200010977057
8313200010977826
8313200010978030
8313200010978071
8313200010978303
8313200010978642
8313200010979525
8313200010979632
8313200010979996
8313200010980408
8313200010981133
8313200010981257
8313200010982701
8313200010982891
8313200010983345
8313200010983618
8313200010984558
8313200010985969
8313200010986009
8313200010986652
8313200010988419
8313200010988716
8313200010989078
8313200010989417
8313200010989532
8313200010989722
8313200010989854
8313200010990068
8313200010990167
8313200010990217
8313200010990373
8313200010990480
8313200010990860
8313200010991157
8313200010992791
8313200010993088
8313200010993567
8313200010993823
8313200010993955
8313200010994672
8313200010995042
8313200010996362
8313200010996628
8313200010997139
8313200010998178
8313200010998608
8313200010998806
8313200010999200
8313200010999663
8313200010999929
8313200011000305
8313200011000404
8313200011000495
8313200011000909
8313200011002335
8313200011002541
8313200011002889
8313200011003226
8313200011003598
8313200011004323
8313200011004745
8313200011005767
8313200011006104
8313200011007839
8313200011008217
8313200011008266
8313200011008639
8313200011009207
8313200011009397
8313200011010106
8313200011010239
8313200011010304
8313200011010551
8313200011010932
8313200011012029
8313200011012417
8313200011012631
8313200011012714
8313200011013795
8313200011013944
8313200011014066
8313200011014702
8313200011015154
8313200011016251
8313200011016426
8313200011016434
8313200011016442
8313200011016509
8313200011016525
8313200011016608
8313200011016673
8313200011016681
8313200011016764
8313200011017028
8313200011017176
8313200011017333
8313200011017739
8313200011018182
8313200011018521
8313200011018562
8313200011018695
8313200011018737
8313200011018927
8313200011019586
8313200011019644
8313200011020915
8313200011021715
8313200011022390
8313200011024057
8313200011025484
8313200011026508
8313200011028355
8313200011028371
8313200011028785
8313200011029700
8313200011030138
8313200011030146
8313200011030260
8313200011030450
8313200011030625
8313200011031052
8313200011031334
8313200011031540
8313200011031698
8313200011031805
8313200011031813
8313200011031938
8313200011032142
8313200011032316
8313200011032324
8313200011032621
8313200011032696
8313200011033496
8313200011033751
8313200011033819
8313200011034049
8313200011034205
8313200011034221
8313200011034361
8313200011034403
8313200011034411
8313200011034460
8313200011034486
8313200011034684
8313200011034759
8313200011034809
8313200011034908
8313200011034940
8313200011035129
8313200011035319
8313200011035426
8313200011035483
8313200011035699
8313200011035798
8313200011035897
8313200011035970
8313200011036101
8313200011036168
8313200011036283
8313200011036358
8313200011036366
8313200011036499
8313200011036606
8313200011036705
8313200011036754
8313200011036770
8313200011036796
8313200011036812
8313200011036853
8313200011036879
8313200011036903
8313200011036929
8313200011036960
8313200011037067
8313200011037091
8313200011037109
8313200011037158
8313200011037216
8313200011037240
8313200011037257
8313200011037265
8313200011037299
8313200011037315
8313200011037372
8313200011037380
8313200011037414
8313200011037430
8313200011037463
8313200011037505
8313200011037513
8313200011037539
8313200011037562
8313200011037612
8313200011037646
8313200011037653
8313200011037661
8313200011037687
8313200011037703
8313200011037711
8313200011037760
8313200011037786
8313200011037828
8313200011037836
8313200011037851
8313200011037869
8313200011037893
8313200011037943
8313200011037950
8313200011038032
8313200011038065
8313200011038073
8313200011038099
8313200011038107
8313200011038115
8313200011038123
8313200011038131
8313200011038172
8313200011038214
8313200011038230
8313200011038271
8313200011038305
8313200011038313
8313200011038354
8313200011038362
8313200011038404
8313200011038412
8313200011038420
8313200011038461
8313200011038479
8313200011038487
8313200011038495
8313200011038503
8313200011038511
8313200011038537
8313200011038545
8313200011038552
8313200011038586
8313200011038594
8313200011038628
8313200011038644
8313200011038651
8313200011038669
8313200011038693
8313200011038701
8313200011038719
8313200011038727
8313200011038768
8313200011038776
8313200011038800
8313200011038826
8313200011038834
8313200011038842
8313200011038859
8313200011038875
8313200011038883
8313200011038891
8313200011038909
8313200011038917
8313200011038933
8313200011038941
8313200011038974
8313200011038990
8313200011039030
8313200011039048
8313200020000585
8313200020001146
8313200020003993
8313200020004082
8313200020004314
8313200020007077
8313200020007648
8313200020008257
8313200020008604
8313200020008679
8313200020008901
8313200020008950
8313200020010113
8313200020010196
8313200020010246
8313200020013810
8313200020017183
8313200020017639
8313200020017654
8313200020017886
8313200020022696
8313200020023462
8313200020024858
8313200020025335
8313200020026598
8313200020026648
8313200020026721
8313200020026937
8313200020028065
8313200020028271
8313200020028321
8313200020029154
8313200020029238
8313200020029683
8313200020029709
8313200020029816
8313200020031770
8313200020033958
8313200020034477
8313200020036381
8313200020038825
8313200020041167
8313200020042348
8313200020042611
8313200020043767
8313200020044054
8313200020044062
8313200020044591
8313200020044625
8313200020044864
8313200020048493
8313200020049228
8313200020049236
8313200020049814
8313200020049848
8313200020049913
8313200020049954
8313200020051067
8313200020052107
8313200020052461
8313200020052487
8313200020052750
8313200020052925
8313200020053576
8313200020053758
8313200020056033
8313200020058260
8313200020058492
8313200020060134
8313200020060811
8313200020150349
8313200020150547
8313200020151081
8313200020151560
8313200020151727
8313200020152030
8313200020152097
8313200020152246
8313200020152295
8313200020152386
8313200020152592
8313200020153277
8313200020153772
8313200020154242
8313200020154432
8313200020154671
8313200020154804
8313200020155231
8313200020155629
8313200020155678
8313200020155975
8313200020156221
8313200020156635
8313200020157260
8313200020157286
8313200020157377
8313200020157450
8313200020157492
8313200020157898
8313200020158235
8313200020158516
8313200020158771
8313200020159027
8313200020159274
8313200020159324
8313200020159407
8313200020159597
8313200020159738
8313200020160215
8313200020160330
8313200020160603
8313200020161502
8313200020161551
8313200020161593
8313200020161668
8313200020162575
8313200020162658
8313200020163110
8313200020163227
8313200020163474
8313200020163854
8313200020164043
8313200020164118
8313200020164316
8313200020164332
8313200020164431
8313200020164936
8313200020165008
8313200020165164
8313200020165263
8313200020165305
8313200020165479
8313200020165503
8313200020165529
8313200020165578
8313200020165644
8313200020165693
8313200020165875
8313200020165941
8313200020166162
8313200020166295
8313200020166469
8313200020166873
8313200020167285
8313200020167483
8313200020167533
8313200020167574
8313200020168150
8313200020168408
8313200020168432
8313200020168689
8313200020168952
8313200020169034
8313200020169190
8313200020169596
8313200020169653
8313200020169851
8313200020169950
8313200020169992
8313200020170339
8313200020170347
8313200020170610
8313200020170701
8313200020170727
8313200020171121
8313200020171147
8313200020171220
8313200020171469
8313200020171964
8313200020172707
8313200020172913
8313200020172962
8313200020173101
8313200020173143
8313200020173226
8313200020173275
8313200020173317
8313200020174026
8313200020174125
8313200020174158
8313200020174265
8313200020174273
8313200020175015
8313200020175031
8313200020175106
8313200020175338
8313200020175395
8313200020175478
8313200020175585
8313200020175627
8313200020175684
8313200020175775
8313200020175783
8313200020176146
8313200020176336
8313200020176369
8313200020177201
8313200020177300
8313200020177839
8313200020177870
8313200020178001
8313200020178159
8313200020178258
8313200020178266
8313200020178282
8313200020178357
8313200020178597
8313200020178761
8313200020179090
8313200020179488
8313200020179504
8313200020179512
8313200020179629
8313200020179645
8313200020179678
8313200020180049
8313200020180064
8313200020180155
8313200020180460
8313200020180544
8313200020180650
8313200020180734
8313200020180833
8313200020180890
8313200020181062
8313200020181195
8313200020181310
8313200020181377
8313200020181443
8313200020181500
8313200020181807
8313200020181864
8313200020182458
8313200020182524
8313200020182599
8313200020182631
8313200020182847
8313200020182888
8313200020182938
8313200020183035
8313200020183100
8313200020183167
8313200020183225
8313200020183241
8313200020183514
8313200020183605
8313200020183613
8313200020183787
8313200020183837
8313200020184033
8313200020184058
8313200020184280
8313200020184413
8313200020184447
8313200020184546
8313200020184991
8313200020185030
8313200020185279
8313200020185899
8313200020185949
8313200020186111
8313200020186178
8313200020186210
8313200020186764
8313200020186939
8313200020187044
8313200020187119
8313200020187127
8313200020187150
8313200020187184
8313200020187481
8313200020187911
8313200020188281
8313200020188489
8313200020189065
8313200020189479
8313200020190196
8313200020190683
8313200020190766
8313200020190998
8313200020191434
8313200020191640
8313200020192226
8313200020192663
8313200020192770
8313200020193471
8313200020193620
8313200020193646
8313200020193869
8313200020194115
8313200020194370
8313200020194412
8313200020194685
8313200020194768
8313200020196250
8313200020196300
8313200020197217
8313200020197290
8313200020197407
8313200020198231
8313200020198256
8313200020198660
8313200020199908
8313200020200045
8313200020200623
8313200020201894
8313200020201928
8313200020202017
8313200020202314
8313200020202751
8313200020203346
8313200020203783
8313200020204047
8313200020204260
8313200020204369
8313200020204385
8313200020204427
8313200020204435
8313200020204443
8313200020204468
8313200020204476
8313200020204492
8313200020204500
8313200020204518
8313200020204534
8313200110000271
8313200110000495
8313200110001196
8313200110003499
8313200110005932
8313200110006211
8313200110007961
8313200110008076
8313200110008134
8313200110008175
8313200110008241
8313200110008894
8313200110009546
8313200110010122
8313200110010551
8313200110011047
8313200110011534
8313200110011757
8313200110011955
8313200110012532
8313200110012862
8313200110013373
8313200110013878
8313200110014421
8313200110014942
8313200110015444
8313200110015477
8313200110015766
8313200110018364
8313200110018927
8313200110019149
8313200110019545
8313200110023059
8313200110024925
8313200110025492
8313200110027704
8313200110029387
8313200110029403
8313200110030179
8313200110032878
8313200110033140
8313200110034148
8313200110035038
8313200110035871
8313200110036028
8313200110038271
8313200110039840
8313200110044113
8313200110044808
8313200110045185
8313200110047009
8313200110047504
8313200110047744
8313200110048080
8313200110048387
8313200110048486
8313200110049617
8313200110050458
8313200110050508
8313200110050532
8313200110053411
8313200110053528
8313200110053676
8313200110053684
8313200110054385
8313200110054708
8313200110054765
8313200110055101
8313200110055598
8313200110056638
8313200110056893
8313200110057776
8313200110057784
8313200110058188
8313200110058717
8313200110058865
8313200110059376
8313200110060648
8313200110064087
8313200110064186
8313200110066330
8313200110069375
8313200110071090
8313200110072239
8313200110074664
8313200110077188
8313200110077196
8313200110081057
8313200110081537
8313200110082428
8313200110084689
8313200110087518
8313200110087526
8313200110089639
8313200110089654
8313200110090256
8313200110091155
8313200110091841
8313200110095388
8313200110096410
8313200110097079
8313200110097186
8313200110102531
8313200110103455
8313200110104321
8313200110105104
8313200110105161
8313200110106623
8313200110107365
8313200110107456
8313200110108330
8313200110108520
8313200110108777
8313200110109437
8313200110110971
8313200110112795
8313200110115848
8313200110119048
8313200110119782
8313200110120244
8313200110120715
8313200110121267
8313200110121432
8313200110121713
8313200110121762
8313200110121812
8313200110122877
8313200110124030
8313200110125367
8313200110125821
8313200110127462
8313200110127959
8313200110128676
8313200110128908
8313200110129906
8313200110130987
8313200110132470
8313200110132942
8313200110134294
8313200110134658
8313200110135283
8313200110135564
8313200110135689
8313200110135846
8313200110135911
8313200110136067
8313200110136802
8313200110137503
8313200110138329
8313200110138667
8313200110138691
8313200110139830
8313200110140267
8313200110141000
8313200110141018
8313200110141323
8313200110141364
8313200110141463
8313200110141554
8313200110141992
8313200110142974
8313200110144202
8313200110144350
8313200110144715
8313200110145043
8313200110145753
8313200110147700
8313200110148104
8313200110148237
8313200110148591
8313200110148617
8313200110148757
8313200110149052
8313200110149300
8313200110150308
8313200110150787
8313200110150845
8313200110151991
8313200110152155
8313200110152551
8313200110152635
8313200110152833
8313200110153450
8313200110154680
8313200110157485
8313200110160315
8313200110161446
8313200110161578
8313200110163426
8313200110163772
8313200110165868
8313200110165884
8313200110167245
8313200110168300
8313200110250330
8313200110250777
8313200110250843
8313200110251072
8313200110251601
8313200110251676
8313200110251825
8313200110252047
8313200110252179
8313200110252393
8313200110252823
8313200110252922
8313200110253136
8313200110253177
8313200110253425
8313200110253573
8313200110253615
8313200110253888
8313200110253995
8313200110254233
8313200110255032
8313200110255115
8313200110255404
8313200110255966
8313200110256253
8313200110256352
8313200110256444
8313200110256915
8313200110257475
8313200110257533
8313200110257657
8313200110257814
8313200110258044
8313200110258416
8313200110258424
8313200110258879
8313200110259422
8313200110259430
8313200110260172
8313200110260545
8313200110261063
8313200110261303
8313200110261717
8313200110261915
8313200110261931
8313200110262202
8313200110262343
8313200110262384
8313200110262475
8313200110262681
8313200110262806
8313200110263002
8313200110263176
8313200110264265
8313200110264273
8313200110264281
8313200110264869
8313200110264968
8313200110265015
8313200110265031
8313200110265072
8313200110266435
8313200110266567
8313200110266708
8313200110266732
8313200110266948
8313200110267029
8313200110267300
8313200110267318
8313200110267649
8313200110268217
8313200110268308
8313200110268969
8313200110269470
8313200110269918
8313200110270361
8313200110270437
8313200110270619
8313200110271088
8313200110271229
8313200110271484
8313200110271500
8313200110271674
8313200110272359
8313200110272516
8313200110272888
8313200110273076
8313200110273597
8313200110273779
8313200110274157
8313200110274272
8313200110274587
8313200110274710
8313200110274850
8313200110275253
8313200110275386
8313200110275857
8313200110276574
8313200110276962
8313200110277069
8313200110277168
8313200110277218
8313200110277630
8313200110277804
8313200110278059
8313200110278117
8313200110278356
8313200110278455
8313200110278711
8313200110278893
8313200110278935
8313200110279347
8313200110279537
8313200110279693
8313200110279867
8313200110280048
8313200110280261
8313200110280279
8313200110280402
8313200110280592
8313200110280626
8313200110280816
8313200110280923
8313200110281046
8313200110281277
8313200110281657
8313200110281871
8313200110282119
8313200110282192
8313200110282218
8313200110282317
8313200110282903
8313200110283091
8313200110283174
8313200110283414
8313200110285120
8313200110285211
8313200110285278
8313200110285534
8313200110285757
8313200110285807
8313200110285898
8313200110286250
8313200110286391
8313200110286755
8313200110286995
8313200110287506
8313200110287613
8313200110287654
8313200110287712
8313200110287845
8313200110287951
8313200110288165
8313200110288538
8313200110288710
8313200110288827
8313200110288835
8313200110288942
8313200110289320
8313200110289387
8313200110289569
8313200110289577
8313200110289585
8313200110289783
8313200110289817
8313200110289965
8313200110290310
8313200110290351
8313200110290401
8313200110291227
8313200110291573
8313200110291631
8313200110291664
8313200110291698
8313200110291953
8313200110292837
8313200110293504
8313200110293652
8313200110293769
8313200110293843
8313200110294114
8313200110294312
8313200110294338
8313200110294379
8313200110295152
8313200110295855
8313200110295871
8313200110296002
8313200110296192
8313200110296200
8313200110296481
8313200110296994
8313200110297307
8313200110297729
8313200110297984
8313200110298016
8313200110298198
8313200110298750
8313200110299360
8313200110299378
8313200110299550
8313200110299741
8313200110300325
8313200110301042
8313200110301067
8313200110301265
8313200110301604
8313200110301679
8313200110302156
8313200110302172
8313200110302446
8313200110302503
8313200110302800
8313200110302867
8313200110302982
8313200110303097
8313200110303253
8313200110303345
8313200110303360
8313200110303378
8313200110303493
8313200110304038
8313200110304285
8313200110304418
8313200110304582
8313200110304715
8313200110304871
8313200110304988
8313200110305522
8313200110305845
8313200110306538
8313200110306694
8313200110306801
8313200110307429
8313200110308112
8313200110308278
8313200110308500
8313200110308625
8313200110308815
8313200110308948
8313200110309359
8313200110309375
8313200110309409
8313200110309441
8313200110309821
8313200110309995
8313200110310308
8313200110310605
8313200110310720
8313200110310787
8313200110310936
8313200110311504
8313200110311553
8313200110311561
8313200110311660
8313200110311819
8313200110311868
8313200110312528
8313200110312536
8313200110313567
8313200110313989
8313200110314102
8313200110314219
8313200110314292
8313200110314383
8313200110314482
8313200110314540
8313200110314896
8313200110315166
8313200110315216
8313200110315562
8313200110315745
8313200110315802
8313200110315877
8313200110315893
8313200110316115
8313200110316412
8313200110316438
8313200110316578
8313200110316586
8313200110316735
8313200110316750
8313200110317121
8313200110317188
8313200110317204
8313200110317394
8313200110317444
8313200110317535
8313200110317659
8313200110317782
8313200110317915
8313200110317972
8313200110318293
8313200110318350
8313200110318673
8313200110319127
8313200110319143
8313200110319374
8313200110319580
8313200110319598
8313200110319689
8313200110319754
8313200110320125
8313200110320414
8313200110320513
8313200110320554
8313200110320687
8313200110320893
8313200110321081
8313200110321461
8313200110321883
8313200110322022
8313200110322147
8313200110322345
8313200110322360
8313200110322485
8313200110323079
8313200110323152
8313200110323277
8313200110323392
8313200110323426
8313200110323533
8313200110323665
8313200110323681
8313200110323897
8313200110323988
8313200110324291
8313200110324317
8313200110324416
8313200110324432
8313200110324648
8313200110324697
8313200110324754
8313200110324960
8313200110324986
8313200110325025
8313200110325041
8313200110325066
8313200110325074
8313200110325181
8313200110325264
8313200110325314
8313200110325421
8313200110325520
8313200110325603
8313200110325652
8313200110325736
8313200110325777
8313200110325868
8313200110325926
8313200110326056
8313200110326114
8313200110326163
8313200110326205
8313200110326213
8313200110326270
8313200110326304
8313200110326379
8313200110326643
8313200110326775
8313200110326882
8313200110327070
8313200110327104
8313200110327120
8313200110327492
8313200110327583
8313200110327666
8313200110327815
8313200110327922
8313200110327963
8313200110328128
8313200110328292
8313200110328383
8313200110328573
8313200110328607
8313200110328805
8313200110328912
8313200110329068
8313200110329092
8313200110329225
8313200110329241
8313200110329266
8313200110329373
8313200110329381
8313200110329407
8313200110329498
8313200110329555
8313200110329589
8313200110329761
8313200110329878
8313200110329993
8313200110330165
8313200110330173
8313200110330272
8313200110330520
8313200110330660
8313200110330702
8313200110330751
8313200110330777
8313200110330819
8313200110330827
8313200110330835
8313200110330850
8313200110330934
8313200110331007
8313200110331130
8313200110331197
8313200110331312
8313200110331544
8313200110331627
8313200110331668
8313200110331882
8313200110332013
8313200110332187
8313200110332427
8313200110332567
8313200110332625
8313200110332674
8313200110332799
8313200110332823
8313200110333060
8313200110333151
8313200110333169
8313200110333284
8313200110333300
8313200110333532
8313200110333706
8313200110333714
8313200110333938
8313200110334035
8313200110334282
8313200110334308
8313200110334555
8313200110334613
8313200110334779
8313200110335099
8313200110335180
8313200110335206
8313200110335297
8313200110335313
8313200110335321
8313200110335339
8313200110335651
8313200110335818
8313200110335867
8313200110335875
8313200110336246
8313200110336410
8313200110336592
8313200110336634
8313200110336964
8313200110337145
8313200110337285
8313200110337301
8313200110337335
8313200110337517
8313200110337533
8313200110337624
8313200110337715
8313200110338093
8313200110338788
8313200110338911
8313200110339125
8313200110339414
8313200110339422
8313200110339679
8313200110339786
8313200110339810
8313200110340016
8313200110340164
8313200110340180
8313200110340206
8313200110340263
8313200110340511
8313200110340842
8313200110340875
8313200110340941
8313200110341006
8313200110341030
8313200110341071
8313200110341105
8313200110341188
8313200110341196
8313200110341212
8313200110341220
8313200110341238
8313200110341345
8313200110341402
8313200110341600
8313200110341873
8313200110341931
8313200110341980
8313200110341998
8313200110342111
8313200110342160
8313200110342210
8313200110342350
8313200110342467
8313200110342707
8313200110342905
8313200110343010
8313200110343069
8313200110343093
8313200110343101
8313200110343168
8313200110343275
8313200110343291
8313200110343440
8313200110343481
8313200110343499
8313200110343515
8313200110343549
8313200110343580
8313200110343630
8313200110343671
8313200110343804
8313200110343978
8313200110343986
8313200110344042
8313200110344059
8313200110344075
8313200110344208
8313200110344372
8313200110344422
8313200110344448
8313200110344455
8313200110344463
8313200110344521
8313200110344547
8313200110344596
8313200110344646
8313200110344752
8313200110344943
8313200110345064
8313200110345338
8313200110345387
8313200110345411
8313200110345486
8313200110345544
8313200110345866
8313200110345957
8313200110345965
8313200110346195
8313200110346351
8313200110346385
8313200110346393
8313200110346401
8313200110346435
8313200110346443
8313200110346450
8313200110346476
8313200110346518
8313200110346534
8313200110346567
8313200110346674
8313200110346708
8313200110346906
8313200110346971
8313200110347037
8313200110347110
8313200110347342
8313200110347417
8313200110347540
8313200110347599
8313200110347631
8313200110347748
8313200110347979
8313200110348167
8313200110348191
8313200110348209
8313200110348217
8313200110348266
8313200110348274
8313200110348332
8313200110348357
8313200110348811
8313200110348878
8313200110349009
8313200110349025
8313200110349173
8313200110349264
8313200110349272
8313200110349363
8313200110349546
8313200110349728
8313200110349843
8313200110349975
8313200110350239
8313200110350247
8313200110350361
8313200110350510
8313200110350551
8313200110350619
8313200110350635
8313200110350684
8313200110350759
8313200110350825
8313200110350924
8313200110351039
8313200110351062
8313200110351369
8313200110351385
8313200110351609
8313200110351757
8313200110351914
8313200110352003
8313200110352201
8313200110352219
8313200110352243
8313200110352250
8313200110352276
8313200110352359
8313200110352441
8313200110352458
8313200110352532
8313200110352573
8313200110352771
8313200110352912
8313200110352946
8313200110353019
8313200110353308
8313200110353381
8313200110353407
8313200110353464
8313200110353498
8313200110353878
8313200110353936
8313200110354017
8313200110354215
8313200110354256
8313200110354587
8313200110354694
8313200110354850
8313200110354876
8313200110354934
8313200110355105
8313200110355154
8313200110355162
8313200110355196
8313200110355246
8313200110355261
8313200110355410
8313200110355477
8313200110355592
8313200110355600
8313200110355717
8313200110355733
8313200110355915
8313200110356095
8313200110356210
8313200110356343
8313200110356350
8313200110356434
8313200110356442
8313200110356483
8313200110356582
8313200110356848
8313200110356889
8313200110357085
8313200110357184
8313200110357200
8313200110357333
8313200110357465
8313200110357614
8313200110357705
8313200110357895
8313200110357937
8313200110358026
8313200110358091
8313200110358109
8313200110358166
8313200110358208
8313200110358216
8313200110358240
8313200110358364
8313200110358380
8313200110358554
8313200110358570
8313200110358646
8313200110358810
8313200110358927
8313200110358968
8313200110359008
8313200110359057
8313200110359107
8313200110359172
8313200110359198
8313200110359388
8313200110359545
8313200110359560
8313200110359867
8313200110359933
8313200110360147
8313200110360188
8313200110360204
8313200110360543
8313200110360550
8313200110360618
8313200110360733
8313200110360824
8313200110360840
8313200110360972
8313200110361020
8313200110361228
8313200110361251
8313200110361376
8313200110361384
8313200110361442
8313200110361558
8313200110361582
8313200110361673
8313200110361707
8313200110361731
8313200110361848
8313200110361913
8313200110361921
8313200110361996
8313200110362002
8313200110362051
8313200110362168
8313200110362267
8313200110362291
8313200110362465
8313200110362481
8313200110362770
8313200110362812
8313200110362895
8313200110363042
8313200110363133
8313200110363265
8313200110363281
8313200110363315
8313200110363372
8313200110363414
8313200110363547
8313200110363620
8313200110363950
8313200110364115
8313200110364305
8313200110364388
8313200110364412
8313200110364529
8313200110364784
8313200110364826
8313200110364941
8313200110364974
8313200110365179
8313200110365211
8313200110365237
8313200110365351
8313200110365377
8313200110365492
8313200110365666
8313200110365799
8313200110365880
8313200110365997
8313200110366094
8313200110366169
8313200110366243
8313200110366268
8313200110366359
8313200110366367
8313200110366391
8313200110366508
8313200110366680
8313200110366722
8313200110366813
8313200110366979
8313200110367019
8313200110367092
8313200110367134
8313200110367142
8313200110367357
8313200110367480
8313200110367530
8313200110367787
8313200110367910
8313200110367951
8313200110368025
8313200110368066
8313200110368132
8313200110368827
8313200110368918
8313200110368991
8313200110369007
8313200110369056
8313200110369221
8313200110369270
8313200110369320
8313200110369353
8313200110369361
8313200110369619
8313200110369650
8313200110369676
8313200110369759
8313200110369767
8313200110369882
8313200110369940
8313200110370062
8313200110370070
8313200110370112
8313200110370294
8313200110370328
8313200110370401
8313200110370427
8313200110370492
8313200110370534
8313200110370732
8313200110370807
8313200110370872
8313200110370898
8313200110370914
8313200110371177
8313200110371201
8313200110371474
8313200110371615
8313200110371623
8313200110371748
8313200110371789
8313200110371797
8313200110371839
8313200110371854
8313200110372068
8313200110372233
8313200110372456
8313200110372548
8313200110372688
8313200110372696
8313200110372738
8313200110372753
8313200110372779
8313200110372852
8313200110373017
8313200110373025
8313200110373090
8313200110373249
8313200110373256
8313200110373322
8313200110373371
8313200110373462
8313200110373538
8313200110373744
8313200110373769
8313200110373793
8313200110373850
8313200110373900
8313200110373918
8313200110373926
8313200110373959
8313200110374379
8313200110374395
8313200110374445
8313200110374510
8313200110374775
8313200110374973
8313200110375046
8313200110375053
8313200110375160
8313200110375327
8313200110375343
8313200110375590
8313200110375616
8313200110375707
8313200110375731
8313200110375798
8313200110375897
8313200110375905
8313200110375947
8313200110375954
8313200110376101
8313200110376119
8313200110376135
8313200110376200
8313200110376341
8313200110376531
8313200110376705
8313200110376739
8313200110376754
8313200110376812
8313200110376820
8313200110377182
8313200110377208
8313200110377240
8313200110377448
8313200110377489
8313200110377588
8313200110377679
8313200110377893
8313200110377950
8313200110378305
8313200110378396
8313200110378438
8313200110378461
8313200110378651
8313200110378818
8313200110378909
8313200110378966
8313200110378974
8313200110379022
8313200110379162
8313200110379188
8313200110379246
8313200110379303
8313200110379352
8313200110379477
8313200110379758
8313200110380129
8313200110380467
8313200110380509
8313200110380517
8313200110380558
8313200110380582
8313200110380616
8313200110380632
8313200110380657
8313200110380749
8313200110380855
8313200110380871
8313200110381051
8313200110381283
8313200110381481
8313200110381564
8313200110381598
8313200110381705
8313200110381788
8313200110382117
8313200110382232
8313200110382331
8313200110382406
8313200110382448
8313200110382612
8313200110382828
8313200110382893
8313200110382919
8313200110382927
8313200110383180
8313200110383230
8313200110383321
8313200110383396
8313200110383610
8313200110383644
8313200110383859
8313200110384238
8313200110384253
8313200110384527
8313200110384642
8313200110384717
8313200110384824
8313200110384949
8313200110385029
8313200110385144
8313200110385219
8313200110385334
8313200110385433
8313200110385474
8313200110385540
8313200110386324
8313200110386415
8313200110386449
8313200110386712
8313200110386829
8313200110387009
8313200110387405
8313200110387553
8313200110387587
8313200110387702
8313200110387777
8313200110387900
8313200110388106
8313200110388221
8313200110388239
8313200110388254
8313200110388288
8313200110388361
8313200110388551
8313200110388569
8313200110388791
8313200110388833
8313200110388841
8313200110388866
8313200110388924
8313200110388999
8313200110389195
8313200110389203
8313200110389252
8313200110389401
8313200110389419
8313200110389781
8313200110389971
8313200110390110
8313200110390177
8313200110390557
8313200110390573
8313200110390706
8313200110390722
8313200110390839
8313200110391001
8313200110391068
8313200110391100
8313200110391217
8313200110391357
8313200110391365
8313200110391530
8313200110391910
8313200110392207
8313200110392272
8313200110392405
8313200110392439
8313200110392538
8313200110392769
8313200110392876
8313200110393015
8313200110393031
8313200110393056
8313200110393254
8313200110393312
8313200110393452
8313200110393502
8313200110393528
8313200110393676
8313200110393692
8313200110393759
8313200110393833
8313200110393858
8313200110394104
8313200110394120
8313200110394179
8313200110394211
8313200110394245
8313200110394294
8313200110394419
8313200110394484
8313200110394534
8313200110394724
8313200110395184
8313200110395259
8313200110395382
8313200110395564
8313200110395630
8313200110395945
8313200110396224
8313200110396273
8313200110396406
8313200110396539
8313200110396802
8313200110396877
8313200110396950
8313200110396968
8313200110397081
8313200110397172
8313200110397206
8313200110397255
8313200110397305
8313200110397339
8313200110397438
8313200110397966
8313200110398048
8313200110398915
8313200110399053
8313200110399145
8313200110399327
8313200110399459
8313200110399665
8313200110399764
8313200110400240
8313200110400299
8313200110400588
8313200110401123
8313200110401297
8313200110401313
8313200110401461
8313200110401586
8313200110401693
8313200110401776
8313200110401792
8313200110401958
8313200110402139
8313200110402204
8313200110402212
8313200110402303
8313200110402469
8313200110402584
8313200110402600
8313200110402626
8313200110402683
8313200110403293
8313200110403566
8313200110403590
8313200110403673
8313200110403921
8313200110404002
8313200110404218
8313200110404242
8313200110404531
8313200110404663
8313200110404804
8313200110404986
8313200110405033
8313200110405397
8313200110405470
8313200110405512
8313200110405827
8313200110405892
8313200110406155
8313200110406239
8313200110406429
8313200110406486
8313200110406718
8313200110406908
8313200110407120
8313200110407229
8313200110407336
8313200110407435
8313200110407583
8313200110407633
8313200110407641
8313200110407872
8313200110408300
8313200110408367
8313200110408540
8313200110408565
8313200110408722
8313200110408870
8313200110408912
8313200110409068
8313200110409324
8313200110409456
8313200110409555
8313200110409753
8313200110409761
8313200110409779
8313200110409910
8313200110410066
8313200110410157
8313200110410272
8313200110410363
8313200110410413
8313200110410512
8313200110410645
8313200110410710
8313200110410793
8313200110411395
8313200110411445
8313200110411452
8313200110411676
8313200110411775
8313200110412195
8313200110412336
8313200110412344
8313200110412542
8313200110412617
8313200110412906
8313200110413599
8313200110413797
8313200110413862
8313200110414225
8313200110414985
8313200110415347
8313200110415446
8313200110415610
8313200110415628
8313200110416113
8313200110416493
8313200110416519
8313200110416527
8313200110416642
8313200110416790
8313200110416865
8313200110416873
8313200110416931
8313200110416972
8313200110416980
8313200110417137
8313200110417228
8313200110417335
8313200110417756
8313200110417855
8313200110417939
8313200110418028
8313200110418077
8313200110418259
8313200110418481
8313200110418564
8313200110418580
8313200110418952
8313200110418986
8313200110419000
8313200110419026
8313200110419166
8313200110419356
8313200110419455
8313200110419679
8313200110419729
8313200110419869
8313200110420073
8313200110420164
8313200110420222
8313200110420347
8313200110420693
8313200110421055
8313200110421139
8313200110421196
8313200110421345
8313200110421360
8313200110421493
8313200110421741
8313200110421758
8313200110422137
8313200110422178
8313200110422236
8313200110422293
8313200110422384
8313200110422814
8313200110423895
8313200110423903
8313200110423994
8313200110424000
8313200110424018
8313200110424026
8313200110424042
8313200110424075
8313200110424315
8313200110424398
8313200110424455
8313200110424505
8313200110424612
8313200110425478
8313200110425635
8313200110426013
8313200110426039
8313200110426054
8313200110426567
8313200110426666
8313200110426948
8313200110426963
8313200110426971
8313200110427029
8313200110427110
8313200110427268
8313200110427367
8313200110427391
8313200110427417
8313200110427607
8313200110427656
8313200110428258
8313200110429066
8313200110429108
8313200110429165
8313200110429447
8313200110429819
8313200110430023
8313200110430320
8313200110430437
8313200110430452
8313200110430460
8313200110430593
8313200110430791
8313200110430817
8313200110430841
8313200110430973
8313200110431419
8313200110431658
8313200110432078
8313200110432144
8313200110432243
8313200110432284
8313200110432417
8313200110432664
8313200110433258
8313200110433456
8313200110433696
8313200110434397
8313200110434900
8313200110435105
8313200110435253
8313200110435659
8313200110435949
8313200110436004
8313200110436079
8313200110436152
8313200110436434
8313200110436715
8313200110436756
8313200110436798
8313200110436871
8313200110437432
8313200110437523
8313200110437564
8313200110437622
8313200110437812
8313200110437879
8313200110438034
8313200110438208
8313200110438299
8313200110438307
8313200110438893
8313200110439156
8313200110439263
8313200110439461
8313200110439479
8313200110439867
8313200110440048
8313200110440196
8313200110440543
8313200110440824
8313200110441053
8313200110441442
8313200110441590
8313200110441657
8313200110441814
8313200110442028
8313200110442036
8313200110442143
8313200110442515
8313200110442952
8313200110443190
8313200110443216
8313200110444248
8313200110444636
8313200110444685
8313200110445328
8313200110445393
8313200110445526
8313200110445633
8313200110445856
8313200110446292
8313200110446375
8313200110446573
8313200110447282
8313200110447290
8313200110447837
8313200110448199
8313200110448991
8313200110449056
8313200110449866
8313200110449973
8313200110450351
8313200110450419
8313200110450443
8313200110450971
8313200110451771
8313200110452266
8313200110452613
8313200110452688
8313200110452753
8313200110453108
8313200110454163
8313200110454619
8313200110455210
8313200110455590
8313200110457034
8313200110457406
8313200110457695
8313200110457844
8313200110458016
8313200110460657
8313200110461606
8313200110461622
8313200110462018
8313200110463172
8313200110463180
8313200110463214
8313200110463222
8313200110463255
8313200110463263
8313200110463271
8313200110463289
8313200110463297
8313200110463305
8313200110463313
8313200110463339
8313200110463347
8313200110463354
8313200110463404
8313200110463420
8313200110463735
8313200110463842
8313200110463867
8313200110463933
8313200110464022
8313200110464048
8313200110464055
8313200110464063
8313200110464089
8313200110464097
8313200110464105
8313200110464113
8313200110464121
8313200110464147
8313200110464154
8313200110464170
8313200110464360
8313200110464386
8313200110464394
8313200110464402
8313200110464410
8313200110464428
8313200110464444
8313200110464451
8313200110464493
8313200110464501
8313200110464568
8313200110464576
8313200110464584
8313200110464600
8313200110464618
8313200110464634
8313200110464790
8313200110466118
8313200110466621
8313200110466647
8313200110467140
8313200110467306
8313200110468296
8313200110468767
8313200110471118
8313200110472165
8313200110473130
8313200110474625
8313200110474658
8313200110474864
8313200110475580
8313200110475697
8313200110475929
8313200110476265
8313200110476273
8313200110476448
8313200110476513
8313200110476539
8313200110476596
8313200110476802
8313200110476984
8313200110477149
8313200110477180
8313200110477230
8313200110477453
8313200110477503
8313200110477552
8313200110477610
8313200110477636
8313200110477651
8313200110477693
8313200110477719
8313200110477743
8313200110477768
8313200110477776
8313200110477792
8313200110477800
8313200110477842
8313200110477875
8313200110477883
8313200110477909
8313200110477917
8313200110478006
8313200110478014
8313200110478048
8313200110478055
8313200110478063
8313200110478089
8313200110478097
8313200110478113
8313200110478139
8313200110478147
8313200110478238
8313200110478246
8313200110478253
8313200110478261
8313200110478287
8313200110478295
8313200110478303
8313200110478311
8313200110478337
8313200110478345
8313200110478352
8313200110478360
8313200110478378
8313200110478386
8313200110478394
8313200110478402
8313200110478410
8313200110478428
8313200110478436
8313200110478444
8313200110478451
8313200110478469
8313200110478485
8313200110478543
8313200110478592
8313200110478600
8313200110478618
8313200110478626
8313200110478659
8313200110478675
8313200110478683
8313200110478691
8313200110478709
8313200110478758
8313200110478766
8313200110478774
8313200110478782
8313200110478816
8313200110478824
8313200110478832
8313200110478840
8313200110478857
8313200110478865
8313200110478873
8313200110478881
8313200110478915
8313200110478923
8313200110478931
8313200110478949
8313200110478956
8313200110478964
8313200110478998
8313200110479004
8313200110479012
8313200110479020
8313200110479046
8313200110479053
8313200110479061
8313200110479079
8313200110479087
8313200110479103
8313200110479129
8313200110479137
8313200110479145
8313200110479152
8313200110479160
8313200110479186
8313200110479202
8313200110479210
8313200110479228
8313200110479236
8313200110479244
8313200110479251
8313200110479269
8313200110479277
8313200110479285
8313200110479293
8313200110479301
8313200110479319
8313200110479327
8313200110479350
8313200110479384
8313200110479392
8313200110479418
8313200110479426
8313200110479442
8313200110479459
8313200110479475
8313200110479483
8313200110479509
8313200110479517
8313200110479525
8313200110479533
8313200110479541
8313200110479558
8313200110479590
8313200110479608
8313200110479616
8313200110479632
8313200120000162
8313200120001020
8313200120001095
8313200120002002
8313200120002101
8313200120002531
8313200120003307
8313200120004115
8313200120004149
8313200120004685
8313200120004941
8313200120005344
8313200120008454
8313200120008561
8313200120009064
8313200120009114
8313200120009296
8313200120009445
8313200120009866
8313200120010047
8313200120010278
8313200120010450
8313200120010518
8313200120010666
8313200120010898
8313200120011201
8313200120011797
8313200120012266
8313200120012746
8313200120013785
8313200120014288
8313200120014585
8313200120015061
8313200120015145
8313200120015293
8313200120015616
8313200120018248
8313200120018719
8313200120019121
8313200120020111
8313200120020129
8313200120021150
8313200120021580
8313200120021739
8313200120022018
8313200120022505
8313200120022612
8313200120022802
8313200120024691
8313200120025490
8313200120026639
8313200120026829
8313200120027991
8313200120028072
8313200120031357
8313200120033122
8313200120034633
8313200120034740
8313200120035028
8313200120035036
8313200120035291
8313200120036679
8313200120036844
8313200120037107
8313200120037941
8313200120038949
8313200120041737
8313200120042255
8313200120042305
8313200120130167
8313200120130662
8313200120131579
8313200120132288
8313200120132528
8313200120132841
8313200120132882
8313200120133542
8313200120133690
8313200120133740
8313200120133955
8313200120134292
8313200120134466
8313200120134771
8313200120135224
8313200120135398
8313200120135745
8313200120135828
8313200120135992
8313200120136198
8313200120136214
8313200120136677
8313200120137451
8313200120137535
8313200120137709
8313200120137832
8313200120137998
8313200120138152
8313200120138392
8313200120139382
8313200120139416
8313200120139499
8313200120139747
8313200120140422
8313200120140588
8313200120140620
8313200120141149
8313200120141909
8313200120141990
8313200120142311
8313200120142618
8313200120142808
8313200120142865
8313200120142923
8313200120143442
8313200120143608
8313200120144200
8313200120144218
8313200120144291
8313200120144374
8313200120144424
8313200120144564
8313200120144580
8313200120144937
8313200120144960
8313200120144986
8313200120145041
8313200120145223
8313200120145371
8313200120145397
8313200120145561
8313200120146023
8313200120146049
8313200120146163
8313200120146221
8313200120146254
8313200120146312
8313200120146478
8313200120146726
8313200120146825
8313200120147559
8313200120147799
8313200120147831
8313200120147849
8313200120147930
8313200120148193
8313200120148227
8313200120148532
8313200120148755
8313200120148912
8313200120148979
8313200120149084
8313200120149282
8313200120149316
8313200120149712
8313200120149795
8313200120149803
8313200120150033
8313200120150066
8313200120150280
8313200120150348
8313200120150413
8313200120150421
8313200120150678
8313200120150827
8313200120150868
8313200120150876
8313200120151148
8313200120151296
8313200120151460
8313200120151494
8313200120151718
8313200120151759
8313200120151957
8313200120152039
8313200120152070
8313200120152088
8313200120152203
8313200120152237
8313200120152245
8313200120152930
8313200120153078
8313200120153631
8313200120153656
8313200120153714
8313200120153805
8313200120153870
8313200120154118
8313200120154134
8313200120154563
8313200120154787
8313200120154910
8313200120154928
8313200120155081
8313200120155214
8313200120155396
8313200120155420
8313200120155479
8313200120155958
8313200120155982
8313200120156022
8313200120156246
8313200120156352
8313200120156485
8313200120156519
8313200120156535
8313200120156675
8313200120157061
8313200120157111
8313200120157145
8313200120157384
8313200120157400
8313200120157541
8313200120157566
8313200120157616
8313200120157715
8313200120157756
8313200120157798
8313200120157848
8313200120157889
8313200120158028
8313200120158093
8313200120158119
8313200120158200
8313200120158432
8313200120158473
8313200120158705
8313200120158713
8313200120158903
8313200120159232
8313200120159356
8313200120159596
8313200120159646
8313200120160149
8313200120160255
8313200120160339
8313200120160438
8313200120160461
8313200120160479
8313200120160545
8313200120160768
8313200120160818
8313200120160867
8313200120160974
8313200120161113
8313200120161170
8313200120161220
8313200120161600
8313200120161675
8313200120162053
8313200120162509
8313200120162541
8313200120162558
8313200120162590
8313200120162814
8313200120162871
8313200120163176
8313200120163309
8313200120163457
8313200120163838
8313200120163879
8313200120164034
8313200120164042
8313200120164083
8313200120164471
8313200120164992
8313200120165189
8313200120165205
8313200120165262
8313200120165312
8313200120165601
8313200120165726
8313200120165767
8313200120166005
8313200120166062
8313200120166302
8313200120166427
8313200120166476
8313200120166567
8313200120166625
8313200120166641
8313200120166740
8313200120167128
8313200120167524
8313200120168316
8313200120168548
8313200120168829
8313200120168977
8313200120169223
8313200120169496
8313200120169652
8313200120169959
8313200120170296
8313200120170395
8313200120170684
8313200120170700
8313200120170932
8313200120171120
8313200120171351
8313200120171393
8313200120173688
8313200120173878
8313200120174033
8313200120174751
8313200120174934
8313200120175337
8313200120175808
8313200120176301
8313200120176384
8313200120176731
8313200120178406
8313200120178711
8313200120181707
8313200120181996
8313200120182184
8313200120182192
8313200120182226
8313200120182259
8313200120182309
8313200120182317
8313200120182325
8313200120182366
8313200120182416
8313200120182473
8313200120182499
8313200120182507
8313200120182523
8313200120182556
8313200120182580
8313200120182598
8313200120182606
8313200120182622
8313200120182655
8313200120182671
8313200120182689
8313200120182697
8313200120182705
8313200120182713
8313200120182721
8313200120182739
8313200130000954
8313200130001390
8313200130001408
8313200130002729
8313200130003602
8313200130003644
8313200130004295
8313200130004337
8313200130004550
8313200130006373
8313200130006787
8313200130007280
8313200130007454
8313200130007918
8313200130009781
8313200130009898
8313200130010144
8313200130010334
8313200130010904
8313200130011365
8313200130011563
8313200130012207
8313200130012504
8313200130012611
8313200130013148
8313200130013585
8313200130015093
8313200130015200
8313200130015713
8313200130019970
8313200130025498
8313200130025886
8313200130025985
8313200130028039
8313200130120166
8313200130120513
8313200130120745
8313200130120877
8313200130121404
8313200130121461
8313200130121891
8313200130122444
8313200130122485
8313200130122717
8313200130123509
8313200130123616
8313200130124481
8313200130124960
8313200130125017
8313200130125215
8313200130125397
8313200130125561
8313200130125652
8313200130126478
8313200130126767
8313200130127245
8313200130127625
8313200130128128
8313200130128359
8313200130128706
8313200130128870
8313200130128946
8313200130129068
8313200130129118
8313200130129134
8313200130129282
8313200130129639
8313200130129712
8313200130130041
8313200130130058
8313200130130215
8313200130130231
8313200130130868
8313200130131049
8313200130131205
8313200130131239
8313200130131437
8313200130131445
8313200130131643
8313200130131759
8313200130131809
8313200130132021
8313200130132112
8313200130132195
8313200130132252
8313200130132492
8313200130132757
8313200130132765
8313200130132997
8313200130133151
8313200130133177
8313200130133193
8313200130133276
8313200130133425
8313200130133573
8313200130133789
8313200130133920
8313200130134001
8313200130134027
8313200130134100
8313200130134514
8313200130134613
8313200130134688
8313200130134902
8313200130135123
8313200130135198
8313200130135263
8313200130135362
8313200130135727
8313200130135784
8313200130135966
8313200130136006
8313200130136279
8313200130136287
8313200130136386
8313200130136410
8313200130136501
8313200130136535
8313200130136675
8313200130136766
8313200130136790
8313200130136832
8313200130136840
8313200130136865
8313200130136881
8313200130136907
8313200130137475
8313200130137483
8313200130137509
8313200130137533
8313200130137624
8313200130137665
8313200130137772
8313200130137814
8313200130137970
8313200130138044
8313200130138226
8313200130138341
8313200130138499
8313200130138556
8313200130138762
8313200130138796
8313200130138861
8313200130138937
8313200130138960
8313200130138986
8313200130139133
8313200130139190
8313200130139208
8313200130139216
8313200130139224
8313200130139521
8313200130139604
8313200130139687
8313200130139737
8313200130139745
8313200130139802
8313200130139877
8313200130139927
8313200130140032
8313200130140248
8313200130140321
8313200130140339
8313200130140420
8313200130140982
8313200130141253
8313200130141295
8313200130141493
8313200130141758
8313200130141931
8313200130141949
8313200130142038
8313200130142152
8313200130142285
8313200130142418
8313200130142541
8313200130142905
8313200130142913
8313200130142921
8313200130142939
8313200130142996
8313200130143069
8313200130143283
8313200130143341
8313200130143390
8313200130143556
8313200130143697
8313200130143705
8313200130143895
8313200130144067
8313200130144208
8313200130144315
8313200130144547
8313200130145015
8313200130145023
8313200130145205
8313200130145239
8313200130145403
8313200130145478
8313200130145544
8313200130145643
8313200130145668
8313200130145684
8313200130145783
8313200130146112
8313200130146229
8313200130146328
8313200130146419
8313200130147300
8313200130147482
8313200130147532
8313200130147649
8313200130147664
8313200130147888
8313200130148977
8313200130149207
8313200130149298
8313200130149439
8313200130149850
8313200130150353
8313200130150411
8313200130150833
8313200130150957
8313200130151005
8313200130151112
8313200130151237
8313200130152177
8313200130153282
8313200130153894
8313200130154405
8313200130154504
8313200130154629
8313200130154728
8313200130154736
8313200130154744
8313200130154751
8313200130154769
8313200130154777
8313200130154785
8313200130154793
8313200130154801
8313200130154819
8313200130154843
8313200130154868
8313200140003881
8313200140005910
8313200140006439
8313200140006769
8313200140090037
8313200140090185
8313200140090334
8313200140090946
8313200140091084
8313200140091357
8313200140091977
8313200140092025
8313200140092058
8313200140092124
8313200140092199
8313200140092405
8313200140092629
8313200140092892
8313200140092900
8313200140093288
8313200140093817
8313200140093874
8313200140094054
8313200140094633
8313200140094815
8313200140095077
8313200150000405
8313200150001379
8313200150002179
8313200150003359
8313200150003615
8313200150003730
8313200150004159
8313200150004969
8313200150007491
8313200150008028
8313200150011477
8313200150011782
8313200150013200
8313200150013663
8313200150016401
8313200150018308
8313200150020726
8313200150026392
8313200150027028
8313200150027176
8313200150029990
8313200150030501
8313200150034750
8313200150035245
8313200150035369
8313200150037746
8313200150121292
8313200150121664
8313200150121904
8313200150123249
8313200150125392
8313200150125491
8313200150125509
8313200150125855
8313200150126184
8313200150126234
8313200150126291
8313200150126366
8313200150126416
8313200150126424
8313200150126572
8313200150126788
8313200150126978
8313200150127612
8313200150127711
8313200150127752
8313200150127844
8313200150127984
8313200150128586
8313200150128651
8313200150128875
8313200150128982
8313200150129014
8313200150129048
8313200150129063
8313200150129246
8313200150129287
8313200150129675
8313200150129758
8313200150129816
8313200150129873
8313200150129881
8313200150130046
8313200150130095
8313200150130145
8313200150130236
8313200150130392
8313200150130442
8313200150130657
8313200150130970
8313200150131366
8313200150131424
8313200150131440
8313200150131572
8313200150131689
8313200150131770
8313200150131861
8313200150131895
8313200150132117
8313200150132455
8313200150132513
8313200150132695
8313200150132752
8313200150132893
8313200150133008
8313200150133321
8313200150133461
8313200150133578
8313200150134006
8313200150134071
8313200150134105
8313200150134436
8313200150134444
8313200150134485
8313200150134600
8313200150134642
8313200150134782
8313200150134840
8313200150134865
8313200150134972
8313200150134980
8313200150135060
8313200150135219
8313200150135268
8313200150135334
8313200150135383
8313200150135607
8313200150135672
8313200150135763
8313200150135912
8313200150135938
8313200150135946
8313200150135979
8313200150136050
8313200150136126
8313200150136134
8313200150136167
8313200150136233
8313200150136522
8313200150136530
8313200150136779
8313200150136977
8313200150137009
8313200150137298
8313200150137397
8313200150137470
8313200150137561
8313200150137587
8313200150137652
8313200150137827
8313200150138015
8313200150138023
8313200150138072
8313200150138122
8313200150138379
8313200150138635
8313200150138643
8313200150138668
8313200150138692
8313200150138734
8313200150138817
8313200150138833
8313200150138999
8313200150139336
8313200150139674
8313200150139740
8313200150139773
8313200150139955
8313200150140029
8313200150140144
8313200150140219
8313200150140326
8313200150140342
8313200150140375
8313200150140441
8313200150140854
8313200150141100
8313200150142314
8313200150142967
8313200150142983
8313200150143197
8313200150143445
8313200150144328
8313200150144682
8313200150145143
8313200150145218
8313200150145341
8313200150145499
8313200150145630
8313200150145697
8313200150145986
8313200150146018
8313200150146133
8313200150146794
8313200150146844
8313200150147495
8313200150147586
8313200150148535
8313200150149038
8313200150149061
8313200150149129
8313200150149145
8313200150149178
8313200150149194
8313200150149202
8313200150149210
8313200150149251
8313200150149269
8313200150149277
8313200150149285
8313200150149293
8313200150149301
8313200160001955
8313200160002771
8313200160002847
8313200160005915
8313200160007838
8313200160090198
8313200160090404
8313200160091006
8313200160091162
8313200160091386
8313200160092244
8313200160092285
8313200160092293
8313200160092459
8313200160092566
8313200160092608
8313200160092624
8313200160092665
8313200160092756
8313200160092905
8313200160092921
8313200160093051
8313200160093101
8313200160093135
8313200160093416
8313200160093507
8313200160093531
8313200160093697
8313200160093887
8313200160094083
8313200160094133
8313200160094182
8313200160094570
8313200160094687
8313200160094737
8313200160094851
8313200160095296
8313200160095338
8313200160095353
8313200170005871
8313200170006424
8313200170007331
8313200170008339
8313200170009196
8313200170009378
8313200170009691
8313200170010715
8313200170013883
8313200170016423
8313200170016654
8313200170017298
8313200170017868
8313200170018916
8313200170019328
8313200170020052
8313200170020292
8313200170026018
8313200170027222
8313200170029343
8313200170030226
8313200170030267
8313200170033527
8313200170037734
8313200170037924
8313200170039250
8313200170039482
8313200170040647
8313200170042163
8313200170043294
8313200170043872
8313200170045323
8313200170045539
8313200170045687
8313200170045760
8313200170046388
8313200170048384
8313200170049937
8313200170051701
8313200170052428
8313200170054317
8313200170057211
8313200170058862
8313200170060884
8313200170063110
8313200170063433
8313200170064498
8313200170064555
8313200170065230
8313200170066600
8313200170066949
8313200170067004
8313200170067566
8313200170067574
8313200170068036
8313200170068846
8313200170069646
8313200170071105
8313200170071931
8313200170073051
8313200170073465
8313200170073655
8313200170073879
8313200170074950
8313200170075114
8313200170075585
8313200170075817
8313200170077607
8313200170080726
8313200170081039
8313200170081658
8313200170082334
8313200170083662
8313200170084793
8313200170085063
8313200170085949
8313200170086004
8313200170086434
8313200170089875
8313200170090519
8313200170092341
8313200170093653
8313200170096706
8313200170096904
8313200170099312
8313200170102850
8313200170102892
8313200170103437
8313200170103460
8313200170105457
8313200170106539
8313200170107214
8313200170109095
8313200170110317
8313200170110945
8313200170111174
8313200170112289
8313200170115159
8313200170115183
8313200170115373
8313200170116074
8313200170116140
8313200170117098
8313200170117312
8313200170118047
8313200170118740
8313200170118773
8313200170119037
8313200170119086
8313200170119391
8313200170119441
8313200170119813
8313200170119870
8313200170121041
8313200170121132
8313200170123104
8313200170126511
8313200170127626
8313200170129234
8313200170133368
8313200170133681
8313200170134150
8313200170135314
8313200170135405
8313200170136767
8313200170137039
8313200170137666
8313200170139571
8313200170139704
8313200170139845
8313200170142401
8313200170144613
8313200170145628
8313200170145644
8313200170146048
8313200170147186
8313200170149505
8313200170152061
8313200170152723
8313200170154190
8313200170163894
8313200170164280
8313200170250154
8313200170250352
8313200170250659
8313200170250691
8313200170250717
8313200170250899
8313200170251855
8313200170252598
8313200170252937
8313200170253042
8313200170253810
8313200170253935
8313200170253943
8313200170254396
8313200170254487
8313200170255112
8313200170255252
8313200170255344
8313200170255377
8313200170255484
8313200170255799
8313200170255880
8313200170255963
8313200170256045
8313200170256052
8313200170257084
8313200170257217
8313200170257365
8313200170257720
8313200170257738
8313200170257761
8313200170257894
8313200170257977
8313200170258322
8313200170258751
8313200170258843
8313200170258959
8313200170259759
8313200170259999
8313200170260013
8313200170260120
8313200170260377
8313200170260484
8313200170260591
8313200170260690
8313200170260724
8313200170261086
8313200170261110
8313200170261342
8313200170261482
8313200170261615
8313200170261763
8313200170261987
8313200170262019
8313200170262423
8313200170262431
8313200170262498
8313200170262548
8313200170263447
8313200170263652
8313200170263678
8313200170263744
8313200170264031
8313200170264353
8313200170265285
8313200170265525
8313200170265715
8313200170265772
8313200170266093
8313200170266366
8313200170266853
8313200170266937
8313200170267083
8313200170267125
8313200170267158
8313200170267349
8313200170267836
8313200170267877
8313200170268040
8313200170268115
8313200170268495
8313200170268966
8313200170269055
8313200170269345
8313200170269477
8313200170269535
8313200170270608
8313200170270657
8313200170270806
8313200170270863
8313200170271051
8313200170272323
8313200170272596
8313200170272893
8313200170272935
8313200170273024
8313200170273057
8313200170273305
8313200170273859
8313200170273875
8313200170274139
8313200170274386
8313200170274394
8313200170274634
8313200170274675
8313200170274915
8313200170275151
8313200170275375
8313200170276183
8313200170276365
8313200170276928
8313200170278080
8313200170278122
8313200170278585
8313200170279005
8313200170279161
8313200170279450
8313200170279476
8313200170279724
8313200170279922
8313200170279997
8313200170280094
8313200170280292
8313200170280920
8313200170280953
8313200170281449
8313200170281639
8313200170281951
8313200170282090
8313200170282124
8313200170282157
8313200170282173
8313200170282272
8313200170282306
8313200170282488
8313200170282595
8313200170282611
8313200170282678
8313200170283114
8313200170283130
8313200170283155
8313200170284039
8313200170284187
8313200170284229
8313200170284427
8313200170284443
8313200170284484
8313200170284617
8313200170284625
8313200170284880
8313200170284922
8313200170284930
8313200170284955
8313200170285259
8313200170285374
8313200170285747
8313200170286075
8313200170286141
8313200170286646
8313200170286737
8313200170286760
8313200170286794
8313200170287495
8313200170287800
8313200170287842
8313200170288410
8313200170288584
8313200170288618
8313200170288881
8313200170289376
8313200170290069
8313200170290093
8313200170290192
8313200170290275
8313200170290457
8313200170291125
8313200170291372
8313200170291455
8313200170291745
8313200170291968
8313200170292578
8313200170292651
8313200170292685
8313200170293113
8313200170293261
8313200170293428
8313200170293444
8313200170293998
8313200170294103
8313200170294285
8313200170294301
8313200170294400
8313200170294483
8313200170294525
8313200170294699
8313200170294855
8313200170294970
8313200170295076
8313200170295084
8313200170295126
8313200170295142
8313200170295209
8313200170295225
8313200170295498
8313200170295506
8313200170295928
8313200170295944
8313200170296298
8313200170296314
8313200170296405
8313200170296447
8313200170296488
8313200170296801
8313200170297296
8313200170297403
8313200170297601
8313200170297874
8313200170298161
8313200170298195
8313200170298492
8313200170298955
8313200170299235
8313200170299268
8313200170299292
8313200170299367
8313200170299425
8313200170299474
8313200170299631
8313200170299730
8313200170299789
8313200170300116
8313200170300124
8313200170300447
8313200170300504
8313200170300595
8313200170300702
8313200170300728
8313200170300744
8313200170300769
8313200170300785
8313200170301056
8313200170301064
8313200170301163
8313200170301247
8313200170301494
8313200170301536
8313200170301551
8313200170301585
8313200170301825
8313200170301858
8313200170301882
8313200170302120
8313200170302179
8313200170302310
8313200170302393
8313200170302419
8313200170302518
8313200170302542
8313200170302658
8313200170302732
8313200170302740
8313200170302872
8313200170302930
8313200170303300
8313200170303722
8313200170303904
8313200170304092
8313200170304118
8313200170304498
8313200170304548
8313200170304571
8313200170304654
8313200170304688
8313200170305552
8313200170305644
8313200170305677
8313200170305727
8313200170305750
8313200170306006
8313200170306238
8313200170306386
8313200170306402
8313200170306576
8313200170306618
8313200170306691
8313200170306717
8313200170306808
8313200170306865
8313200170307020
8313200170307129
8313200170307376
8313200170307491
8313200170307749
8313200170308002
8313200170308051
8313200170308119
8313200170308267
8313200170308333
8313200170308358
8313200170308382
8313200170308440
8313200170308465
8313200170308507
8313200170308515
8313200170308614
8313200170308697
8313200170308754
8313200170308796
8313200170308945
8313200170309265
8313200170309455
8313200170309570
8313200170309703
8313200170309752
8313200170309794
8313200170309927
8313200170310214
8313200170310347
8313200170310354
8313200170310388
8313200170310602
8313200170310669
8313200170310719
8313200170310826
8313200170311014
8313200170311204
8313200170311584
8313200170311907
8313200170311972
8313200170311998
8313200170312103
8313200170312111
8313200170312277
8313200170312327
8313200170312343
8313200170312459
8313200170312558
8313200170312673
8313200170312707
8313200170312756
8313200170312806
8313200170312822
8313200170312905
8313200170313218
8313200170313325
8313200170313366
8313200170313713
8313200170313986
8313200170314018
8313200170314141
8313200170314232
8313200170314406
8313200170314414
8313200170314497
8313200170314554
8313200170314570
8313200170314620
8313200170314653
8313200170314661
8313200170314737
8313200170314752
8313200170314810
8313200170314869
8313200170314976
8313200170315098
8313200170315155
8313200170315205
8313200170315247
8313200170315270
8313200170315338
8313200170315445
8313200170315551
8313200170315577
8313200170315684
8313200170315965
8313200170315999
8313200170316187
8313200170316245
8313200170316336
8313200170316641
8313200170316674
8313200170316708
8313200170316732
8313200170316849
8313200170316856
8313200170316922
8313200170317177
8313200170317201
8313200170317284
8313200170317359
8313200170317540
8313200170317607
8313200170317862
8313200170318027
8313200170318134
8313200170318290
8313200170318332
8313200170318373
8313200170318530
8313200170318654
8313200170318779
8313200170318910
8313200170318951
8313200170319009
8313200170319017
8313200170319124
8313200170319314
8313200170319348
8313200170319454
8313200170319462
8313200170319470
8313200170319561
8313200170319777
8313200170319850
8313200170320114
8313200170320130
8313200170320163
8313200170320171
8313200170320387
8313200170320437
8313200170320502
8313200170320528
8313200170320544
8313200170320619
8313200170320809
8313200170320817
8313200170320981
8313200170321062
8313200170321112
8313200170321211
8313200170321237
8313200170321310
8313200170321427
8313200170321526
8313200170321583
8313200170321757
8313200170321864
8313200170321989
8313200170322029
8313200170322060
8313200170322086
8313200170322367
8313200170322417
8313200170322524
8313200170322573
8313200170322748
8313200170322805
8313200170322896
8313200170323027
8313200170323043
8313200170323076
8313200170323142
8313200170323506
8313200170323654
8313200170323811
8313200170323837
8313200170324074
8313200170324140
8313200170324165
8313200170324272
8313200170324280
8313200170324538
8313200170324645
8313200170324751
8313200170324769
8313200170324801
8313200170324926
8313200170325048
8313200170325105
8313200170325261
8313200170325311
8313200170325329
8313200170325543
8313200170325659
8313200170325691
8313200170325725
8313200170325758
8313200170325782
8313200170325881
8313200170325980
8313200170326012
8313200170326053
8313200170326079
8313200170326087
8313200170326244
8313200170326350
8313200170326384
8313200170326459
8313200170326582
8313200170326830
8313200170326855
8313200170326939
8313200170327002
8313200170327036
8313200170327051
8313200170327135
8313200170327218
8313200170327366
8313200170327424
8313200170327465
8313200170327499
8313200170327739
8313200170327762
8313200170328000
8313200170328273
8313200170328398
8313200170328463
8313200170328505
8313200170328547
8313200170328729
8313200170328802
8313200170328877
8313200170328919
8313200170328984
8313200170329230
8313200170329248
8313200170329479
8313200170329750
8313200170329776
8313200170329883
8313200170330154
8313200170330212
8313200170330253
8313200170330410
8313200170330428
8313200170330444
8313200170330451
8313200170330600
8313200170330717
8313200170330741
8313200170330758
8313200170330824
8313200170330899
8313200170330949
8313200170330964
8313200170331103
8313200170331210
8313200170331228
8313200170331327
8313200170331335
8313200170331467
8313200170331707
8313200170331889
8313200170332028
8313200170332044
8313200170332051
8313200170332481
8313200170332531
8313200170332564
8313200170332655
8313200170332770
8313200170332937
8313200170332945
8313200170333257
8313200170333331
8313200170333430
8313200170333497
8313200170333513
8313200170333695
8313200170333794
8313200170333836
8313200170334115
8313200170334131
8313200170334180
8313200170334438
8313200170334495
8313200170334677
8313200170334743
8313200170334792
8313200170334917
8313200170334941
8313200170335112
8313200170335153
8313200170335187
8313200170335336
8313200170335716
8313200170335823
8313200170335856
8313200170335930
8313200170336243
8313200170336342
8313200170336474
8313200170336482
8313200170336573
8313200170336656
8313200170336714
8313200170336805
8313200170337225
8313200170337472
8313200170337480
8313200170337613
8313200170338611
8313200170338645
8313200170338843
8313200170339262
8313200170339577
8313200170339734
8313200170339767
8313200170339809
8313200170339916
8313200170340583
8313200170340690
8313200170340997
8313200170341094
8313200170341359
8313200170341888
8313200170342498
8313200170342688
8313200170342845
8313200170343157
8313200170343165
8313200170343173
8313200170343546
8313200170343710
8313200170343744
8313200170343793
8313200170343884
8313200170344098
8313200170344379
8313200170345434
8313200170345442
8313200170345517
8313200170345541
8313200170345939
8313200170345954
8313200170346051
8313200170346580
8313200170346762
8313200170347042
8313200170347133
8313200170347570
8313200170347604
8313200170347646
8313200170347711
8313200170347844
8313200170347950
8313200170348081
8313200170348180
8313200170348388
8313200170348404
8313200170348701
8313200170348883
8313200170348891
8313200170348933
8313200170349105
8313200170349170
8313200170349642
8313200170349857
8313200170349873
8313200170349998
8313200170350020
8313200170350038
8313200170350129
8313200170350194
8313200170350400
8313200170350780
8313200170351085
8313200170351119
8313200170351226
8313200170351390
8313200170351457
8313200170351556
8313200170351572
8313200170351796
8313200170352315
8313200170352463
8313200170353115
8313200170353628
8313200170353636
8313200170353768
8313200170354352
8313200170354642
8313200170355441
8313200170355722
8313200170355854
8313200170356308
8313200170356373
8313200170356399
8313200170356654
8313200170356746
8313200170357348
8313200170357389
8313200170358130
8313200170358452
8313200170359484
8313200170359708
8313200170360003
8313200170360169
8313200170360185
8313200170360490
8313200170361373
8313200170362132
8313200170362421
8313200170362983
8313200170363627
8313200170363676
8313200170363684
8313200170363742
8313200170364062
8313200170364112
8313200170364146
8313200170364294
8313200170364716
8313200170364807
8313200170365176
8313200170366463
8313200170367156
8313200170367438
8313200170367792
8313200170367974
8313200170368873
8313200170370176
8313200170370184
8313200170370572
8313200170370846
8313200170370911
8313200170370994
8313200170371224
8313200170371737
8313200170371752
8313200170371810
8313200170372917
8313200170373592
8313200170373741
8313200170373972
8313200170375589
8313200170376124
8313200170376231
8313200170376363
8313200170376744
8313200170376835
8313200170376892
8313200170376918
8313200170376967
8313200170377072
8313200170377080
8313200170377197
8313200170377213
8313200170377221
8313200170377254
8313200170377262
8313200170377288
8313200170377304
8313200170377320
8313200170377395
8313200170377486
8313200170377494
8313200170377528
8313200170377577
8313200170377619
8313200170377627
8313200180000037
8313200180001357
8313200180002199
8313200180002322
8313200180002637
8313200180090178
8313200180090384
8313200180090848
8313200180090889
8313200180091010
8313200180091150
8313200180091176
8313200180091184
8313200180091796
8313200190004482
8313200190005554
8313200190006446
8313200190008533
8313200190009275
8313200190009648
8313200190009804
8313200190010414
8313200190012089
8313200190013855
8313200190015504
8313200190017583
8313200190021635
8313200190022294
8313200190111568
8313200190111824
8313200190112087
8313200190112137
8313200190112905
8313200190112962
8313200190113085
8313200190113127
8313200190113606
8313200190113895
8313200190114794
8313200190115098
8313200190115205
8313200190116542
8313200190116559
8313200190116682
8313200190116716
8313200190116922
8313200190117268
8313200190117490
8313200190117581
8313200190117839
8313200190117888
8313200190118043
8313200190118068
8313200190118266
8313200190118340
8313200190118472
8313200190118647
8313200190118696
8313200190118704
8313200190118886
8313200190118951
8313200190119009
8313200190119025
8313200190119124
8313200190119157
8313200190119330
8313200190119397
8313200190119413
8313200190119421
8313200190119439
8313200190119454
8313200190119496
8313200190119678
8313200190119694
8313200190119793
8313200190119827
8313200190119835
8313200190119843
8313200190119983
8313200190119991
8313200190120122
8313200190120189
8313200190120361
8313200190120379
8313200190120395
8313200190120429
8313200190120452
8313200190120478
8313200190120486
8313200190120502
8313200190120528
8313200190120544
8313200190120593
8313200190120619
8313200190120635
8313200190120734
8313200190120809
8313200190120882
8313200190121005
8313200190121021
8313200190121039
8313200190121203
8313200190121211
8313200190121302
8313200190121377
8313200190121518
8313200190121542
8313200190121849
8313200190121856
8313200190122037
8313200190122086
8313200190122318
8313200190122375
8313200190122383
8313200190122599
8313200190122631
8313200190122730
8313200190122797
8313200190122904
8313200190122953
8313200190123217
8313200190123258
8313200190123472
8313200190123779
8313200190124033
8313200190124066
8313200190124199
8313200190124462
8313200190124561
8313200190124611
8313200190125865
8313200190127143
8313200190127150
8313200190127192
8313200200000710
8313200200002781
8313200200004340
8313200200004662
8313200200004928
8313200200004936
8313200200090299
8313200200090588
8313200200090638
8313200200090927
8313200200090992
8313200200091164
8313200200091438
8313200200091859
8313200200091867
8313200200092006
8313200200092014
8313200200092279
8313200200092329
8313200200092378
8313200200092485
8313200200092584
8313200200092592
8313200200092675
8313200200092899
8313200200092964
8313200200092998
8313200200093004
8313200200093152
8313200200094333
8313200210000429
8313200210001674
8313200210001815
8313200210003183
8313200210090834
8313200210090883
8313200210090990
8313200210091360
8313200210091436
8313200210091600
8313200220005772
8313200220005988
8313200220006218
8313200220008719
8313200220012158
8313200220014584
8313200220014691
8313200220015920
8313200220019047
8313200220019492
8313200220020730
8313200220022108
8313200220022215
8313200220028006
8313200220028147
8313200220030416
8313200220031471
8313200220032636
8313200220033048
8313200220033139
8313200220120456
8313200220123914
8313200220124029
8313200220124037
8313200220124326
8313200220124920
8313200220125356
8313200220125562
8313200220126594
8313200220126875
8313200220127022
8313200220127105
8313200220127428
8313200220127600
8313200220127923
8313200220128046
8313200220128061
8313200220128251
8313200220128301
8313200220128319
8313200220128392
8313200220128715
8313200220129085
8313200220129259
8313200220129366
8313200220129523
8313200220129614
8313200220129804
8313200220129986
8313200220130083
8313200220130513
8313200220130604
8313200220130695
8313200220130737
8313200220130984
8313200220130992
8313200220131073
8313200220131156
8313200220131255
8313200220131354
8313200220131362
8313200220131586
8313200220131628
8313200220131669
8313200220131917
8313200220132063
8313200220132121
8313200220132238
8313200220132246
8313200220132337
8313200220132477
8313200220132618
8313200220132766
8313200220132782
8313200220132824
8313200220132949
8313200220133145
8313200220133277
8313200220133285
8313200220133475
8313200220133574
8313200220133699
8313200220133756
8313200220133780
8313200220133889
8313200220133962
8313200220134093
8313200220134358
8313200220134598
8313200220134630
8313200220134739
8313200220134788
8313200220134895
8313200220134929
8313200220134986
8313200220135082
8313200220135199
8313200220135280
8313200220135421
8313200220135678
8313200220135926
8313200220136098
8313200220136270
8313200220136874
8313200220137039
8313200220137310
8313200220137724
8313200220137773
8313200220138029
8313200220138698
8313200220138748
8313200220138805
8313200220139019
8313200220139308
8313200220139456
8313200220139662
8313200220139670
8313200220139829
8313200220139977
8313200220140157
8313200220140272
8313200220140488
8313200220140504
8313200220140678
8313200220141023
8313200220141049
8313200220141569
8313200220141650
8313200220142039
8313200220142344
8313200220142625
8313200220143573
8313200220143953
8313200220143987
8313200220144340
8313200220144936
8313200220144951
8313200220144993
8313200220145057
8313200220145370
8313200220145438
8313200220145495
8313200220145503
8313200220145511
8313200230002454
8313200230004955
8313200230006000
8313200230011513
8313200230016413
8313200230016496
8313200230021074
8313200230112089
8313200230112113
8313200230112121
8313200230112261
8313200230113558
8313200230113590
8313200230114002
8313200230114440
8313200230114507
8313200230114606
8313200230114622
8313200230114705
