ai
ai_col
ai_join_col
ai_market
alarms
auspicecounts
bc
belkin
bis_errors
bis_page
bis_page_access
bis_script
bss_cacti
cacti_snr_calc_types
cacti_snr_metrics
catagory
circuit
circuit_serial
circuit_size
circuit_suffix
circuit_type
circuitlink
cm_hotlist
cm_snmp_join
cmts_blade
cmts_ds
cmts_us
company_code
contact
csg_timing
custcounts
cvendor
escalation_link
escalation_list
firmwarefile
firmwarelog
firmwareset
imap_to_rem
ip
jack_type
loc
log_level
logic
logic_ia
market
nd
nd_type
nd_type_detail
newmodems
noi_cards_old
noi_locations
outages
pa
package_testgroup
packagelog
packagerollback
packageupgrade
port_disable
port_vlan
reboot_config
rem_cti
remedy
schedule_firmware
scheduledupdates
session_data
snmp_config
snmp_output
sub_loc
tech
tran
trnk_util
user
user_to_group
usergroup
ai
ai_col
ai_join_col
ai_market
alarms
auspicecounts
bc
belkin
bis_errors
bis_page
bis_page_access
bis_script
bss_cacti
cacti_snr_calc_types
cacti_snr_metrics
catagory
circuit
circuit_serial
circuit_size
circuit_suffix
circuit_type
circuitlink
cm_hotlist
cm_snmp_join
cmts_blade
cmts_ds
cmts_us
company_code
contact
csg_timing
custcounts
cvendor
escalation_link
escalation_list
firmwarefile
firmwarelog
firmwareset
imap_to_rem
ip
jack_type
loc
log_level
logic
logic_ia
market
nd
nd_type
nd_type_detail
newmodems
noi_cards_old
noi_locations
outages
pa
package_testgroup
packagelog
packagerollback
packageupgrade
port_disable
port_vlan
reboot_config
rem_cti
remedy
schedule_firmware
scheduledupdates
session_data
snmp_config
snmp_output
sub_loc
tech
tran
trnk_util
user
user_to_group
usergroup
