ai_email
alopa
alopa_reboot_stats
alopa_removal
ambit_reboot
anypc_queue
bis_log
bis_status
ca_license
card
card_type
card_type_to_slot
cm
cm_data
cmlevels
cmts
cmts_cache
cpe
csg
csgtrans
dbbackup_info
device
device_type
dhcp_col
dhcp_errors
dhcp_stat
dhcpserver
dup_ip
email
firmware_execute
firmwaretype
holiday_idea
holiday_vote
ip_address
leaselog
locking
modem_log
mta
mta_check
mta_ddns
node
node_metric
node_summary
noi_changes
noi_ports_old
phone
port
port_on_vlan
port_type
port_type_on_device
prov
reboot
saved_webpage
slot
vendor
vlan
wap
ai_email
alopa
alopa_reboot_stats
alopa_removal
ambit_reboot
anypc_queue
bis_log
bis_status
ca_license
card
card_type
card_type_to_slot
cm
cm_data
cmlevels
cmts
cmts_cache
cpe
csg
csgtrans
dbbackup_info
device
device_type
dhcp_col
dhcp_errors
dhcp_stat
dhcpserver
dup_ip
email
firmware_execute
firmwaretype
holiday_idea
holiday_vote
ip_address
leaselog
locking
modem_log
mta
mta_check
mta_ddns
node
node_metric
node_summary
noi_changes
noi_ports_old
phone
port
port_on_vlan
port_type
port_type_on_device
prov
reboot
saved_webpage
slot
vendor
vlan
wap
