
SQL*Loader: Release 9.2.0.4.0 - Production on Thu Sep 20 11:13:37 2007

Copyright (c) 1982, 2002, Oracle Corporation.  All rights reserved.

Control File:   loadit.ctl
Data File:      customerid.lst
  Bad File:     customerid.bad
  Discard File:  none specified
 
 (Allow all discards)

Number to load: ALL
Number to skip: 0
Errors allowed: 50000
Bind array:     64 rows, maximum of 256000 bytes
Continuation:    none specified
Path used:      Conventional

Table CUSTOMER_INFO, loaded from every logical record.
Insert option in effect for this table: APPEND
TRAILING NULLCOLS option in effect

   Column Name                  Position   Len  Term Encl Datatype
------------------------------ ---------- ----- ---- ---- ---------------------
ACCOUNTNUMBER                       FIRST     *   ,  O(") CHARACTER            


Table CUSTOMER_INFO:
  778180 Rows successfully loaded.
  0 Rows not loaded due to data errors.
  0 Rows not loaded because all WHEN clauses were failed.
  0 Rows not loaded because all fields were null.


Space allocated for bind array:                  16512 bytes(64 rows)
Read   buffer bytes: 1048576

Total logical records skipped:          0
Total logical records read:        778180
Total logical records rejected:         0
Total logical records discarded:        0

Run began on Thu Sep 20 11:13:37 2007
Run ended on Thu Sep 20 11:15:04 2007

Elapsed time was:     00:01:27.44
CPU time was:         00:00:03.66
