CM-MAC
000e5ce70fbe
00111a1c902c
0015969af24d
0015a24fa5ba
0015a24fa526
0015a24fa95a
0015a33c74bd
0015a4144fa9
0015a33c5641
0015a2bcb7b8
0015a479cd5b
0015cf4f05a4
78e4008cfe02
f07bcb973e84
001dcfdd840d
000f9f57a836
000e5ce0dfe6
00159611c70f
0012253fdc5e
0011ae8b9eca
0015969bddc5
0015969bdd91
00195ee554da
904ce583147c
78e4008d26d2
c0cb3848f71c
000ce52f50ba
000ce5b441f2
00122542F7E2
000f9fa6f128
001371b66c46
0014e892cfa8
001596107d53
001596107edb
00159630470c
0015964d8074
0015a2a29f2c
000ce5f61c60
0015a33f0ba9
0015a41ddef1
001e46a94102
0015cf09bf0f
0015cf998376
001dceff3df1
001dceff3c92
001dcfe367e1
001dcfe37cc6
000e5c6d064a
000e5c6b4d20
0011ae04e4ac
0016b5338b50
001596daed6c
0015ceb4278d
0015ceb427a8
0026f3e845c9
0015cff7ee63
000f9f942716
00131124d516
0012c90e0026
001311c54bde
001311c6495a
0016b52fde42
00111a1ca86e
000e5cda5570
000f9f7c408c
0011aec2f6dc
000f9f946720
00111a25245a
000e5cda54c4
00111a2c5970
00122505826e
000e5c05bb60
0012256e2e2e
000e5c652598
0013113f7952
001311950a1b
000e5cdf1294
00111a252414
000e5cdf24da
0011aec9637c
00111a274ec6
001311423d6a
000e5cda545c
000e5cda55ac
001311c64eda
0013112300da
000e5cdf275c
00131124dc36
00111a344c56
000e5c229110
0016b52edd8e
000e5cb81bfa
001311f50c35
0015964ceee8
001371b5305c
000e5c705a50
0013114c546b
0013114c59df
00122596be20
001311c55472
0012c99d435e
0016b52efbc4
001596e593fc
001596e58ad8
0016b52edcf8
0016b52f0316
001596beba65
001596beb909
0016b53007e2
0015a2443925
0015a244692d
0015a24458cd
00195ecf7550
0015a2446e09
0015a2500796
0015a250057e
0015a2a6209c
0015a2a64ea8
0015a32ad76d
0015a21a7122
00195ece7b3a
0015a33f229d
00195ed0a2e2
0015a33f1e61
0015a33f0fb5
0015a33f0ffd
0015a33f0911
0015a33f0e3d
0015a41d1181
001ade656600
0015a41d0431
0011ae8cbc4c
0015a4180bd1
001ade7b0ab6
0015a41cf439
001ade656452
001ade7d880c
001ade7f2a40
0015a48313b3
0015a4830ef3
0015a48346d7
0015a4834443
0015a483465b
0015a48345eb
0011aefaf09c
0015ce8bf372
001e467fbe5c
0015ce8bf681
0015ce8c0fbf
001a668f879e
0015cf0992e4
0015ce8c08b7
001e46bb5b80
001e46bb5b7a
001e46ad06f6
001e46abf01c
0015ce8bd5d2
001e46abe914
0015ce8bd773
0015ce8bd3e3
0015ce8c0311
001e46bf4286
001e46bf44aa
0015ce8c067a
0015cf99addc
0023744e3e0e
0015cfa0ad05
0015cfa0ac42
0015cfa0e48b
0015cf9fce1e
0023744e43a6
0015a3516205
0015cfac2e00
0015d01060ab
904ce5a7409a
c417fe78a396
c417fe78a40a
0015d0293b0f
c417fe9d4e7a
c417fe9d60e0
f07bcb709364
f07bcb70a794
f07bcb973540
f07bcb972c54
f07bcb97510c
f07bcb9731a6
78e4008cd65a
78e4006796cc
78e400679256
0015d1a0dd55
f07bcb6bad52
c0cb3848f966
c0cb3848ed4a
c0cb3848ebd0
c0cb3848f58e
0015d1492789
000e5c6643b4
000f21eabe4d
000ce5b4add6
002143ac0bb2
001cfb41b7b8
0021438cf728
001e46fd72e4
001dcd52e2bb
00214389ff14
002210db06fa
0015a4c318ed
001adee6a004
0021438f339e
001ade640184
000e5c6c0e46
0015ce4fa2a6
2374016488
000e5c0e1f4c
000ce5977d68
0015a4cee2d5
000ce5b59c4e
0015cedfe40b
0015cedfe5bb
000b06ec94ac
000e5c0e130c
000ce5f203ec
000ce58dd854
000e5c6f0e14
001311b9e5f2
00111a2c6ba6
0012c9084a3e
000e5c6b48f4
000f9f7c5472
000f9f781540
000e5c6d0546
000e5c661624
00111a2c6c60
001311fb708d
000f9f78157a
000f9f7c5514
000ce5f0e6ac
001596325a40
000e5c7059a4
000e5c44c85e
0015964f61c0
001596c1b315
001596c1a269
00111a2c8742
001596a5a425
001596a5a451
001596a57801
0015969c23fd
0015a24578a1
001371c3ccf2
0015a2457749
0015a24595d1
0015a312933f
0015a31291bf
0015a31294e7
0012c90a3cbc
0015a33305f1
0015a33c6801
0015a33c6a85
0015a41cec01
0015a41d067d
0015a41ceae9
001a6683d408
001a6683e6da
001a668effb0
001a66836ed4
001ade7aec7a
0015a41ce9d5
0015a41cdf85
0015a41ce97d
0015a49e08bf
0015a491756f
0015a49dd217
001ade7d8d26
0015ceb42ed4
0015ceb42d96
0015ceb430bd
0023749048ca
0015cf09ac3a
001e46aa95ca
2374906364
0023749070ce
0023749070f4
001e46c098c8
001e46c0b076
002374591f3a
002374591f30
001e46bffe8a
001e46bffde2
00237452ee46
904ce575bed4
904ce575d054
c417fed88216
c417fed88176
f07bcb1f0f34
78e4008d01f6
c0cb38490c32
c0cb38490d30
c0cb38490cb0
c0cb38490eb4
000ce51a4812
000e5c03e830
000e5cdf7782
000e5c03c8b6
001adee5486c
002143ae154c
001adee490be
0021439eb7ec
001cfb4b59a6
001dcebfe762
001dcebfec72
001dcebfe8f7
001dcebfe801
001dcec04006
001dcfe074bf
000f9f57e616
000f9f584e8e
000f9f793116
00111a2751c2
0016b52ff70c
001311b9e4be
0016b5300674
0011ae051970
00159611dc0b
0014e891f81a
00111a1be81a
001311fbdc29
001311c237f6
000f9fea7a94
0013115ee1d2
00111ae0ee80
000f9f52c726
0012c99bc2ea
0011ae8fb718
001311e6a46b
000e5cdabeba
00111a1be80c
001311b9e8be
0012256dfd02
00122502e0ec
001311fbd085
1225975466
0011aefcc0e6
001311fb86d9
0016b52fea0c
000e5cb81cf4
0014e89213ca
001311fbe72d
000e5cb81b5e
000f9f54b4e8
000e5ce2e72c
001371b5705c
00159610236b
0012256dcc3e
001371c3dfba
001371158b30
000f9fea7ac6
00111a274f64
0011ae014be0
001311ac43d2
001311fbb6f1
001371b582fe
001311e69287
00111a275470
0011aec1b08a
001311c235d2
0013115cc9da
001311e6b623
0016b52fef84
0015964c4df0
0011aefe9ffc
001311c835d2
001596980bd5
00159697e55d
00159695817c
001371b569d0
0015969452cc
0015969452f4
1596945230
0015969447b4
00111a1bf74c
00159611e7ab
0011ae028ae6
001596e204a0
001596e20ff0
001596e57978
0015961808db
001596e20ab8
001596e49a00
001596d661e4
00195eca736e
0015a23dc4c9
001596d66824
0015a23dd4b5
0015a23dd421
001596d7c3ac
0015a245a1c9
0015a245aa51
00195ef9bf02
00195ef9abf4
0015a2a2f744
0015a23dd331
0015a2a62d64
00195ef9a8b8
0015a2a63e04
0015a2a62fc0
00195ef9bf2a
00195ef92c60
0015a2bdced4
001310c645af
0015a2bde570
0015a33f699d
0015a33f63a9
0015a33f5421
0015a33f2be5
001ade65a096
0015a33f42f1
0015a33f3e9d
0013718b2180
001ade7df624
0015a41d0271
001ade7de716
0015a41ce289
0015a41cdd55
0015a41d04a5
001ade7d896c
0015a41d0115
0015a48318ab
0015a483187f
001ade7d8978
001adea8c1f4
001adea8b238
001ade860cf4
001ade867414
0015a48334e7
0015a48335ab
001ade861694
0015a47e0bbf
0015a47e0dd7
0015a482f23f
001e468ca5d4
001ade85ff24
0015ce8bdd5b
0015ce8bd6f2
0015ce8bdd88
0015ce8bf651
001e468c7620
001e468c99cc
0015cf098d74
001e46c24b2a
001e46abe7b2
0015cf0999e9
0015cf099a64
0015cf09a070
0015cf098753
00237454f1ca
001e46bf445a
0023a27a18e6
0023a27a1bc5
0023a27e1bbe
904ce5a73d2a
904ce5a73d48
c417fe446336
0015d028fdc7
c417fe905634
c417fe78a55a
0015d02940ff
0015d02937fb
f07bcb70addc
f07bcb708b32
0015d0293d4b
f07bcb9751f6
0015cffec807
f07bcb96d68a
f07bcb96dacc
f07bcb96db66
0015d0b3212c
78e400679760
78e400d0ed74
c0cb38325e1c
c0cb384901ee
c0cb3863f756
000f21eab457
0015d1a0c529
000ce53173d6
001dcd52c99e
000b06f23b9a
000ce530f9c4
002143a98ae4
000e5cdaa838
0021439a37f8
00237400ab60
0025f105dd3e
001cfb40fa58
001dcec04729
001dcec05e72
0021439102c4
001dcec04063
001dcec0139f
001dcec01486
001dcebf9c1a
001dcebf9c77
001dcebf8228
000ce5313d7e
001dcec05599
001dcebf94e5
001dcebf5a59
001dcebf59f0
001dcec05656
001dcebf5a17
001dcebf5a23
001dceff5291
001dcebf45f2
001dceff5276
001dceff4d9f
001dcebf5a0e
001dceff5336
001dceffd88c
602ad0062a16
001dcec011d7
001dcfdf7fd3
001dcfe36793
000e5c6bdeda
000ce53280c2
000ce55e4280
000f9f52c20c
000e5cb815d4
000e5cb6138e
0011ae0480f6
0015964b3f48
001371b68ac0
0015964c331c
001596bdad21
001311f98f4d
001596d3a3f0
0015a24f9e56
0015a24f980e
0015a24f7182
0015a33f496d
0015a33f365d
0015a41d1261
0015a41cb745
001ade7d88e6
0015a47dd497
0015cf09951e
0015cfa0a44d
0023740946ce
000e5cb59536
001dcec054e5
000e5cb6153a
000e5cb6deca
000e5cb6158a
0015964c7d30
00111a1cc016
0015964c7c24
001596e579d8
001596e4ae64
001596d5240c
0015a23ddf55
0015a24e595e
0015a24f8ff6
0015a33f28c1
0015a33f28c9
0015a41dbf1d
001e467fd2e2
0015d1a0aaa1
000b06edd762
001dcec054d6
000ce55e456e
001dcec048be
001311c8354e
001311ac6a42
0011aec73780
0012c9084b24
000e5c0cf9da
000e5cc7349e
001311e6b51b
0011aec52c60
0013115cd55a
001311fbda4d
00111a1bf65a
001311c229ae
001311ba01ae
0015961808df
0012c9230b24
00159611d81f
000f9fea7886
0013115c50e2
001311230dca
0013115c54a6
0012c9095592
00111a27519e
00111a1bf278
0011ae90696a
0013115c4532
0012259791a2
001311e6b457
0016b5333f1e
0013115c61ca
0012c9230b00
001311c22a16
0012256dfbf2
001311fbb46d
0013115c44c6
000f9f539322
001311c22ace
000f9fea7fea
001311ba001a
0011ae0205aa
000f9f9449dc
001225977e5a
0016b5333ea4
00159695844c
0016b5336e10
0016b5333ef0
0015964b4a74
0015964b4d44
00111a2c87d2
0016b5334e62
0016b53389c8
0015964b3f30
001311e6a7ab
00111a1bf06e
001596d66fb8
0012c90e1166
00111a1bef14
0018c0dd8ff8
00195eca82a8
0015a245a9b9
0015a245a4dd
0015a24fea66
0018c0d36f02
0015a25003be
00195eca7272
0015a24ff8de
0015a24ff352
0018c0d36df0
00195eca83c4
0015a32ab54d
000f9f95987a
0015a32ab4c5
0016b5304480
0015a32ab6bd
0015a33f5aed
0015a33f3999
0015a33f1399
0015a41ce395
0015a41cecc9
001ade658150
001adeaa87e6
0015a41db6d9
001a6657a354
001ade7de868
001adeaa5842
0015a41dad81
0015a41cecc1
0015a41cf719
0015a47dd66f
001ade7de69c
001ade7b417a
001e468a7950
0015a47e0adf
001e468a7956
001e468a794a
001e468a8e78
001e468a93d2
0015ce8bd7f1
0015ce8bf85b
0015a47e0337
001e467fcee8
001e46acb152
0015cf09c362
0015cf099fb9
001e46bd6862
0015cfa0a7b6
0023744db012
0023744e564a
001e46bd6a5e
001e46bf4470
001e46c0b1a6
001a6689b5e4
c417fe446a36
001c1083c174
0015d0291783
0015d0293d17
f07bcb6bb240
f07bcb6bab3e
0015d0290b9f
c0cb38325f6c
0015d1a0d859
0015d1a0dde5
0015d1a0cf21
0015d1a0ad3d
000ce58aabdc
000e5c1efd06
0015a4c3128d
000ce5316098
002374002fe2
0021438a5d6a
001e5a2aa1c6
002210c77c7a
001adee77be2
002374054daa
001c11fe5c80
001dcd52ef9c
000ce5b5e2d4
0021439d6888
0021438aabdc
000ce55eae1a
001dcec05110
001dcec011c5
001dcec01048
000ce590d56c
001dcec01216
000ce5979bc8
001dceff4019
001dceff4055
001dceff3fbc
001dceff4fcd
001dcec321d6
001dcec031c6
f45fd4b7e3de
001dcfe36dc3
f45fd4b7e378
000e5c6ea494
0013115c462e
0012256dcc70
0012259780ee
0013115cd82a
0016b5336e3e
00159611e7f3
1225972560
0011aec52cd0
0013115cce3e
001311e6b843
00111a274b92
00122501b590
0016b5338c46
0016b5304a5a
001596d503c8
0016b53006c8
0016b5342ab0
0018c0dcd616
0018c0dd8ff6
0015a245a3b1
0000cad6ad6a
0015a24ff95e
0015a33c870d
001ade65839c
001ade653e8e
001ade7b431c
0015a47dda5b
0015ce8c026f
0015ce8c1b8c
0015cf0991fa
001e46abf0e2
001e46bf2ab0
0015cfa0b941
0023744e4732
0023ed9b8ece
904ce575cef2
0015d010521f
0015d028ea7f
f07bcb70c56c
f07bcb6ba826
78e400c94b2c
c0cb38325e0c
000a73a51687
000ce51a0fda
002143adbbd6
0021438c0230
001c11fdd796
0023740444de
001dcec03f1c
001dceff3b06
001dceff3fe3
000ce5329186
e448c731ce48
0013718a2e7a
001596d4d354
001596da0e8c
001596da0ac8
001ade653f6e
001ade85b136
0023744e839c
0023a27e1d47
0023740276d2
001cfb40d52c
001adef4686a
001dcec027bb
001e46ad2b68
001cfb1d9f76
001dcec042a0
0014e87bc9ea
00111ae3206e
000e5c67944a
000e5c6966fe
00111a28034e
0011ae8a5b3a
000e5c6ef38c
0014e87b38be
0012c90b00d6
0014e88cc27c
000e5c696794
1.60E+11
00159617b547
0015961b076f
0011ae012bce
0011ae8c8e4a
000f9f200ee6
001404d97f88
1.60E+253
001311c650c2
00122542467e
00111ae4e77c
009064c2bcc5
0012c9084a4a
0012c9084a4c
0011ae03b8ee
0011ae012bb0
000e5c6da8a8
0014e87bc9c8
000e5c672430
000f9f54e5ba
00140495ff3e
0015961b06f3
000e5c679436
0011ae012ba0
00159670ef9c
0015966ab5d8
1.60E+109
1.60E+63
00159670db20
0014e88bef14
001596e49aa4
001311f98d6d
001311f98cb9
001596e4c570
0015969be1e1
0018c0d665e8
001596491f30
0015964920cc
0015a24c032a
0015a24bfb92
1596492300
001596491fcc
001596e03d68
0015a24594b1
0015a30bcd27
0015a30b757b
0015a3363c7d
00195ed20742
00195ed21dd8
0015a32acd4d
0015a32ad061
0015a32ac301
0015a32ad0d9
00159670e26c
00195eeb3638
001a66927888
0015a41cd7f9
0015a41ccb91
0015a41cd595
001ade7ac57e
00195ee9d406
001ade7a8898
0015a483266b
0015a483290b
0012258933a0
0015a4832adf
0015ceb449aa
0015ceb420ac
001e4682b76a
001ade7f11ce
001ade7f43bc
001e46aa0f46
0015cf4bbfb1
0015cf4ba682
0015cf4bbc69
0015cf4b7fd6
0015cf4bbddd
0015cf4b800f
0015cfa7c37e
0023ed9ba18c
0015d02665cf
0015d0267f27
0015d026889b
0023ed6ed6a8
0015d0268657
f07bcb5802de
f07bcb57ebae
78e400590ebc
000b06ede640
000ce53173d0
002210c6f5b0
002210dc7fe6
002143a586e0
000ce5ee3f7a
0021439ca8ca
001cfb42701a
000ce5b11c2a
001adef65602
001cfb4240f2
002210da17ba
001cfb1ae230
001cfb4b8214
001adef8370a
002210c754cc
001adee4945a
000e5cb6915e
002210c66496
001dcebf54fb
001dcebf5cb1
001dceff6b15
001dcebf50b4
001dceff768e
001dceff6233
001dceff7964
001dceff6ea8
001dceff6b1b
001dceff66ce
0021438ed458
5cac4c6d5446
602ad0066d54
0011ae90623e
001371b568c6
0016b53047b6
0016b5303b78
0011aea72384
1225035192
000e5cbb05e0
0016b52fd872
00111a1bc2e8
0016b53055e6
000f9fab2744
001371b594aa
00111a2739d0
00111ae6858e
0011ae8ba418
001225403a60
0016b52fe476
001371b5658c
00111ae01cc6
00111a2739d4
0015966e6284
001371c3faf6
001371c3f226
001371b52ad4
001371c3e19e
00111ae2bf80
00111a2c6e56
00111a1bc1ce
0011ae8a8056
00111a1f8ea8
000e5cb6b00a
001371b56638
00111a1bc132
001371c3ebee
0011aec963a8
000f9fa6362e
00111ae2e2b2
0011ae032b1e
000e5cb85566
000e5c6f9868
0015966e615c
0011aefe8d0c
001371c3ecca
0016b5305594
00111a1bc814
00122501b58a
0016b52ff176
00111a1bc1a2
0015966e61a4
0015963d4238
0015966e6078
0015964f0f4c
1596180633
1596180257
1596180613
1596167253
00159618064b
0015966e616c
000e5c6546f8
001596bdaf9d
00111a1f8cd0
001596bde815
001596e1c764
001596e586d8
001596e552fc
0016b53047ec
001596e1c624
001596e56ec4
001596e55798
001596e5808c
0015a23ded15
0015a24591a9
0015a24e5f3a
0015a245945d
000f9f943fae
0015a24f7892
0015a245643d
0015a24f7c52
0015a24ff1ae
0015a24ffbb6
0015a24f7a16
0015a2bda0dc
0015a2bdd820
0015a2bdbe74
0015a2bda918
0015a32b6f5d
0015a32b68c1
0015a2bb2fac
0015a32b5731
0015a33f5619
0015a33f587d
0015a33f55e9
0015a41d1369
0015a33f41b5
001371b5657a
0015a33f61dd
0015a33f6f9d
001ade7de61e
0015a483203b
0015a483247b
0015a48320ab
00195ef8a5fc
0016b53016aa
001ade7d8968
0015a47df527
0015a47e0bcf
0015a47e0a7f
001ade86688c
0015ce8bef31
0015ce8bee80
0015a30d1b5b
0015ce8be610
0015ce8bea6c
001e468c9c38
001e46a7ff5c
001e467fd644
0015cf09ba0e
0015cf09bb9a
0015cf09a05e
0015cf099d52
0015cfa0a8fd
0015cfa0a900
0015cfa0e857
001e46bd684c
0015cfa0eb3f
001e46bd5dca
0015cfa0ea40
001e46bf2a74
0015d0103e0f
904ce5a71fcc
0015d0105233
c417fe4474f4
0015d029077b
c417fe54f802
c417fe5481a2
0015d02914c3
c417fe9d85ac
c417fe9d5f74
c417fe9d2bb6
0015d0293fc3
0015d02938a3
0015d028eb93
0015d02941f7
f07bcb6bada0
0015d0291da3
f07bcb70c232
78e40094391c
78e4006791aa
0015d1a0fee1
c0cb38325f5a
000f216d6035
000a73aafec0
000ce530e992
2374036882
00237410529a
0021439aed78
001adee5d0da
00214391f03c
000b06eef9f8
001adee777da
000b06f2574e
001adee59d4a
002210c8ac28
002210c7b340
002210c6182e
002143a5275e
002180d13b1a
2374078600
002210dbc4d2
00237400b3d6
002210dac158
0021438fa8b0
0023740433f2
001adef6da4a
001dceff3d9d
001dceff4616
001dceff4d51
001dceffdc2b
001dceffdde7
001dceffdc5e
906ebb50532c
001dceff4f7c
001dcec337cc
001dcec33f04
000e5c6651fa
001371c3df52
0011aefe1c58
001371c3dd20
0011ae927702
000e5cb6afe2
0011aefe1c30
00111a1fd0cc
00111a55b484
00122598d9b6
00111a1f8e82
001371c3f316
0011aefff6fc
00122598d90c
000f9fab273e
000e5c6efa10
0012c9a0010e
000e5cb81630
000e5c6ef9e8
00111a273cd8
000e5c6546c8
001371c3ecc8
0016b5303b6c
000e5cb8401a
0015963db218
000e5cb6a618
001371c3d19c
001371c3fbe8
0015961804bf
00159616733b
1596180353
001596d34f58
001596bdaf0d
001596e1c2c0
001596e1c350
001596e1c6bc
001596e1b86c
0015963d39fc
0015a2457ee1
0015a245b131
0015a2458ced
0015a24e65f6
0015a2458fd1
0015a24590f1
0015a24e3fce
0015a24ffcde
0015a24ff32e
0015a32b70d1
0015a32b70d9
0015a2bdbc20
0015a32b68a1
0015a33f58e1
0015a33f3cb5
0015a33f4839
0015a41ce84d
0015a41cecf5
0015a41d08f9
0015a33f6ea9
0015a41dbfd5
0016b53055c8
0015a41cd285
0015a41cce31
0015a23c3f3d
0015a4832343
0015a48324af
0015a4832153
0015a483241f
0015a483232b
0015a4830377
0015ce8bf2d6
0015ce8bed69
001e46a9348a
0015cf09adc6
0015cfa0a543
0015cf099e6c
001e46bd5dec
0015cfdcd307
0015cfdcd0fd
0015d010639b
904ce5352eda
0015d02917e3
0015cf83198b
c417fe547f9c
c417fe90537c
c417fe44722c
c417fe44711a
0015d02912c7
c417fe9d81d6
f07bcb6baa1e
0023ed8b7e3f
f07bcb70be7e
0015d029160f
0015d029507b
78e4008cdb48
f07bcb978886
78e400c95398
0015d1a0aee1
0015d1a0ad51
001adef465f4
002210daab44
2374069642
002374062ff4
001cfb4265d0
001dcebf549e
001dcebf54f2
001dcec02683
001dcec02800
001dcec03ac9
001dcec04bb2
001dceff4d54
001dceffd937
0015cee4bbfb
0014e88cccb4
00111a1beebc
00111a1cbf12
001371b973ae
000e5c65f17a
001371b96d3e
0014e89548a2
0011ae050c0e
0014e8954c02
000e5c6d12cc
001311c524ee
000e5ce69736
0011ae8fcaba
000f9f781b78
0011aea522b6
0014e88489d0
0011aea63d0a
001311e7434b
000e5c6617f4
001371b5a3d2
00159618017f
001311c80372
0011ae0165c6
000ce5ecec3c
0014e8840e74
000e5c6a1128
0011ae8ce2ae
001371b5a3e4
000e5c6a114a
00159618039f
0014e8920d1c
0011aec13e3c
000e5c6a1160
000e5c65f018
0011ae028d10
0011aec6a3a8
0014e8845fa4
1225432376
0017ee544308
001371b5b610
001371b5b4de
0011aea69020
0018c0c8944c
001596e13c78
0018c0c85c30
0018c0b189e2
0015969bf345
00195ee5d442
00195ee0855e
0018c0d16afa
001371b96de4
0015a32abbad
00195ee63360
0011aec1b060
001a6683d63c
0015a32a9a61
001ade7d8ece
001e46884e48
001e468295aa
001e46884e34
001e4688477a
001e4682bb40
001e46c434ea
001e468835a4
001e46829cb6
001e4682ad0e
001ade7f4426
0015a49df3cf
001ade7da8de
0015ceb491b9
0015ceb4a506
001e46a78b2e
001e4682c042
001e46c438c2
001e46aa9970
2374906646
001e46aaaa96
0015cf0981c5
2.37E+90
001e46aa9946
002374904cee
001e46aaaa8c
001e46aa9920
002374904d1e
001e46c0b146
001e46c0b124
002374594eae
0015cf098180
0023745950be
00237452fe7e
001e46c0a20a
c417fed89148
c417fed891b0
78e4008ceaf4
78e4008d030c
78e4008ce124
78e4008cff72
78e4008cfe4e
904ce576063e
78e4008cfe80
78e4008cfefe
78e4008d0078
78e4008cfe98
78e4008ce744
78e4008d0336
78e400c93558
78e400c98700
78e400c93734
78e400c934ec
78e400c933c4
000e5c6c27f4
0015cfa9e5fc
002210c8c104
002374064c86
0021438f2f96
0021439b9d16
00214388c2d6
002143858fee
2374062700
002210dbaf24
002210ca7a1c
001cfb41d0fc
001dcec05a7f
002374018c66
001dcec05a0d
001cfb429270
001dceff6ec3
1225989658
001311f41a1d
000f9f50e9ee
001311c8fb96
0015a2a5f42c
001596a55995
0015a33c2a11
0024a0ac90ad
000e5c0a4688
000f9fea7b3c
000f9fea79f8
00111a27537e
0011ae9066cc
0015964b3674
0015969af041
0013112417da
000f9f2094f8
001596a59389
0015969bcb81
0015a2594972
0015a41dc711
0015a41dcb3d
0015a479b22f
0015cefd0d28
0015cefd1f0a
0015cefd2429
78e4008cd188
c0cb3848f2ae
000e5c6d4272
000e5c6c18f4
000e5cb6e248
000e5c0a46ec
000e5ce8ec0c
000f9fa735c0
000f9f50d04c
00122504ea9a
0015964b154c
0014e8973d1e
001596a558b9
0015a24fb326
001ade7a9800
001ade7d8f88
0015a48d57cf
0017ee50340a
0015cefd1eaa
001e46c18e64
0023ed6ec13b
904ce575eb92
904ce58349ac
904ce58346b8
000e5cb65ee8
000ce598b04a
0021439950f8
00237404b24c
000ce5b11036
00237400cf78
002143ae1e10
002143ad0746
001adee5a06e
001dcec011da
001dcec0180a
000e5c6ea49e
001cfb1916dc
001dcec03c13
001dcec02e4e
001dcec03c37
000e5c216496
000f9f7f2d9c
001371bbd678
00122573b64a
000e5c652ef0
000e5cc707ca
0015962eb484
0015962eb4a0
0015966ab1c8
0015966aa1e8
001596c5ca25
0015a245c745
0015a24ec3be
0015a24ec8d6
0015a2d5d794
0015a41cc795
0015a482f62b
0015ceb41b93
001ade7f2d40
001ade7da5c6
001e4682ac2a
002374904af4
002374904ae2
0015cfa9c9fa
0015d0268c23
000e5c6c10fe
0021438d718c
001cfb102618
00237400222c
001adef8ddfc
001adee43556
f45fd4b73b24
000ce5979bfc
000f9fa78d1a
000ce5f61a64
00111a1cc00a
0015a23dd3e9
0015a32abc65
0015a33f5945
0023ee2607df
f07bcb978964
2143858928
2143911560
001dcec05467
001dcfe37114
000e5c6446ee
000e5cc6e728
000e5cb6e334
1225974156
0013115c6f52
00122542454c
000f9f777dec
00111ade8c9e
0011ae02a9a8
00111a1bf24e
0012c92309da
0011ae8dda00
0013114c73d7
001371164dcc
0012c9cc2562
0011aea69202
001311c67af2
0011aec77f4c
0012254402da
0012c9caa9c4
001371c3e694
0011aec31ea4
0016b52edc50
1311657386
0011aefe1218
00122503a54a
0011ae014c52
0016b52edf02
001311c6a5d2
1596109063
001311e74927
0011ae028ca6
00122504c116
0013119509a3
0015963ed580
0012c9c8adac
001371c3dc3c
1371882764
00159611e883
0016b52f2090
0015963db0b8
0012c9caa9a0
0016b52edf5e
0012c9c89ad0
000e5cb6169c
001371c3df18
0012c9c8ae02
0011aec3a9ca
000e5cb6e0f4
000e5cb81a40
00111ae665f2
001371b5695c
0013114c6d73
001311e74c73
1596107817
1225707506
0012c9c8ad7c
1.26E+293
1596107603
000e5cb819e8
00122501fed2
0011aefe1118
0011aea63aec
001311c6a59a
00122502e1a8
00122571dee8
1596109487
001311c53662
001311c67756
001311c67952
0011aec12a16
0013718827be
00131164de42
001311c6a67a
0011aea63cda
0012c9a000aa
0016b52efdce
0015963ebcfc
0015963ec558
0016b52edf12
0016b52efe6e
001596bdd279
0016b52f10b6
00122542b6ae
0012c99bc30c
001596bdd405
001596bdec0d
001596da1dfc
0016b52f125e
001596e55c38
00111a2d0d20
0012250000d2
001596e03c2c
0012c99e7b3e
0012c99bc322
0012c9c90538
001596e557c8
001596e56f04
001596e5685c
001596d4d320
001596e11658
001596bde559
1311657476
00195eea34d8
001371c3fd56
0015a2457529
001371b53f5a
0016b530447a
0016b530386a
001a6657b28c
0016b5301e5a
00195ef84802
0016b5301544
001a6657b2d6
0015a318a28f
0015a3189843
0015a325d515
0015a318a5f7
0015a318a81f
0015a325c6f1
0015a33f1f0d
0015a33f1f29
0015a33f2021
00195eca73a2
0015a33f1909
001ade65575e
001ade655762
001ade65560a
001a668f4b6a
001a668f4b82
001a668f888c
001adeaa5eba
001ade7ac336
001ade79ec40
001ade7b52bc
0015a41cc3b9
0015a41cc225
0015a41cd735
001ade7ae686
001ade7ae5ae
00131189c537
001ade7a94f0
0000cac22259
0015a41cf1ed
0015a482e877
0015a482e81f
0015a482e823
0015a482e65b
0015ce8c03b9
0015ce8c01b8
0015ceb41a85
0015ce8c0377
001311c6ae56
001e467fc2ac
001adea88eee
001e46a7ff90
001e46a7ffc0
0015ce8bfc8a
001e46a9366e
0015cf09958d
001e46abe934
001e46abf6f0
001e46bd698a
0015cf09792b
001e46bcdf82
001e46bf42cc
0015cfa0adad
0015cfa0aa68
0015a4c312bd
0015cfa0a61b
0015cfa0bdb8
0015cfa0afc0
0023744d983c
0023ed22166c
0015cfd9b279
0023ed2217c7
0023ed6ec33a
0023ed6ec415
904ce575dec4
904ce53579fe
904ce5a72bb2
904ce5a71aa2
c417fe446952
904ce5a73d4a
c417fe4461fc
c417fe446550
c417fe4466dc
c417fe447410
0015cf834f27
c417fe78a752
0015d0293dbf
f07bcb978422
78e400678606
f07bcb96e00c
78e400c951a4
0015d1a0f80d
78e400c95104
0015d1a0e17d
78e40067871c
0015d1a0e249
c0cb3848ee0a
c0cb3848ff7e
c0cb3848ff68
c0cb3863f6c4
000f21c2c197
000f216d0b54
0015a4c30fe9
0015d1a0c59d
000ce5bbd286
000ce5f077da
0015d13b11d3
000ce5b5f634
000ce53095fe
000ce5b4ab14
00214385ea90
00237403c72c
000e5c1eb372
002374018ec4
002210dfba60
002143a51456
002374102d5c
002143ae1774
00237418553e
002210c9337c
000b06f00430
00214399b18e
0023740331aa
0021439cb73a
002210c626da
002210db1aa4
001adee53cc6
001dcebf3d3d
001dcebf3d9a
001dcec01c87
001dcec01c54
001dcec01be8
001dcec01d35
001dcec01c60
001dcec04060
001dcec01f27
001dcec036a3
001dcec02065
001dcec021ca
001dcec020fe
001dcec02038
001dcec021cd
001dcec0208f
001dcec01aec
000e5c03936e
000e5c1ecb54
000b06f284f0
001dcec01060
001dcec01cc0
000e5c458036
001dcec0224b
000ce55e31cc
001dcec021b5
001dcec01dd1
000ce5b49c38
000e5c1ef32a
001dcec024be
000b06f24b9a
000ce5f20016
000b06ec9bcc
001dcec0231d
000ce5b46e52
001dcec057eb
000b06ec7032
001dceff42b3
001dceff410f
001dceff425c
001dceff40e2
001dceff419f
001dceff4283
001dceff40a0
001dceff412a
001dceff3f8c
001dceff4010
001dcec0318d
000ce58ded6e
000e5cb683be
000ce530f1e0
001311662d1e
000e5cb8598a
0011aec2fa24
00122544746a
00111a287178
001404ddd946
000e5c653f9c
00159611c887
0015961afa3f
0011aec72fdc
00111ae64402
00111a2010a6
001311662fae
001311662b2e
00111a2c89a6
0011aec54ad2
0011aec6a424
0015a245ba55
0015a245b35d
0015a2cd2564
0015a2cd2854
000ce5f6f874
0015a41472e1
0015a33c2b61
0015a33c7fdd
0015a33c5225
0015a49de17b
0015a49e0163
0018c0c8709a
0018c0c89fcc
0015a48d533b
0015ceb442c0
001404da9bbe
0015cefd02ff
0017ee4fbd30
001e46bbcb0c
002374938b1a
0015cefd2ea9
0015cefd2e88
001e46bbcf50
2374938008
0015d0191333
904ce583347c
f07bcb1ea2a2
78e4008d177a
001dcd683d20
f07bcb97421e
001dcd4de700
000ce5f20bcc
000ce58dff26
000b06eddae6
000ce56140b6
002143a57ba6
00237406887a
001cfb1e9a2c
001cfb41c52c
001cfb1aee00
00237403661e
0021438c200c
0023740283b6
001adee3c3f8
001dcec061a2
001dcec0619f
00214389ae86
001dcec03b53
001225974adc
00111a273c08
00111a2739e0
0012256dcba0
001225055cca
000f9f9449f2
000e5cb6a41a
0012c9081ee2
001371b5951e
0015963d4260
001371c3ecd4
001596e57f64
0015a2a60b18
0015a32b5481
0015a32b6c25
0015a2bb3020
0015a32b6d45
0015a2459621
0015a33f46c1
0015a41d0db9
0015a33f6185
001ade7a9524
0015ce8befbe
0015cf09b61e
001e468a8e9c
0015cf09a334
001e46c248a8
0015cfa0a52b
0015cfa0a8ca
0015cfa0a867
0015cfa0e965
001e46bf28e0
0015cfdcd08e
001e46c0bc44
0015d028eb0b
0015d02941af
0015d02941c3
f07bcb709f4a
78e4006793d0
0021439cf86e
000ce5b4492c
001cfb0fe022
001adef293ce
0021438a5314
001e46fd735c
001cfb1e461a
0021438b660c
001311c8e0ba
1.31E+127
000e5c443338
001311c73fc6
1.31E+11
000e5c020692
001311f99e85
001311f98595
001311f986d1
0015a2d5c4e4
0015a2d5c110
00195eeb357c
0015a40b55b1
0015a33c469d
0015a33c4cfd
001e468291b0
001e46884ab4
001e468826c0
000b06eefa02
000b06ec9708
000ce5328708
000ce513695e
00111ade98f2
00111a1c96a4
0011ae012b72
0011ae0059f8
0011ae8a2c48
000f9f77931a
001311f99c69
1596394428
00111a1ca338
0015a22567b9
0015ceb41da0
0015ceb41ec6
000b06f25052
00214390f5e6
002210dc2a3c
001adef4d752
0021439c682c
001cfb40a83e
001cfb1a111a
000e5cdf469e
00111ae647e4
0015962eb5dc
000e5cb8638c
1596325864
001311f99e35
001311f99f5d
001596ea021c
001596ea04a8
0015a41cb621
001e46adb3c2
0015cf09a1e4
001dcd4dfac8
000ce58df896
000ce5b58be0
000e5cdf779c
000b06ee3d84
0021439e04a0
001cfb10f1ca
0021439c5a0a
002210cd502e
0021438d70ea
0021439c43ae
1225984610
0012c90f05ec
00159a02345e
001596e03c58
001596e01208
0018c0c7a6ca
0015969beaf5
00159a054752
001a668f60ba
0015a41cf88d
0015ceb59341
00111a1ca392
001e46ae22b6
001e46ad9a22
0021439c8da0
001dcec05386
001adef2e6e4
0015cf097f28
000f9f944ae0
001404da99c2
0014e89763d2
0012256e2da0
000f9f52c922
000e5cc6e866
000f9f944b1c
00111a1ce188
0015969af2f5
0015a25976ea
001596a551ed
0015a4144b0d
001a6683d448
0015cf95b8ae
0023ed6eb251
0024a1aa10dd
0023ed8d399a
0015d026644b
0015d026682f
000ce51a5dd8
000e5c6d153c
000f9fea6f02
001371b54c2c
00111a1cbec8
0011aec6a3f8
001311fb06dd
001311fb00d5
001311e6b3fb
001311fb077d
001311fb0821
00111a1ca704
0011ae8c8708
00122540a2de
00159639465c
0015964b1c24
0014e8921b6e
001311f992f5
001311b9e27e
00111a27455e
000f9fe1aaae
001371c3ead4
001311f996e1
0011ae050bfe
0014e8921b4e
001311c5359a
001311f995cd
00131199ebbf
001311fb02b9
001311c556d2
000e5ce6eb4e
0015964f5e14
00111a275398
00111adeecd2
0016b53417d4
00159699094d
0016b5333df2
001596dae9cc
001596d9ecc4
000f9f7f2d32
001596d9e610
0016b53369fe
001596e36b78
0016b5338b1a
0016b5336c16
001596d52a2c
0015a24e89ca
001596daeb98
00131145aeff
0015a24fcdf6
001596e1f108
0016b5333de2
0015a2456299
0015a24562a9
0015a2457b7d
0015a2456455
0015a41cfccd
001a668f3f9c
0015a41cdbf1
0015a41cfb15
001596ed1a44
0015a49e0b17
0015a49e0a4b
0015ceb428e0
001596e1f228
0015ceb4141c
001ade7d892a
001e46c435c8
001e46c4353a
001e46c43576
000e5c6a2f56
0015ceb43e0d
0000cad9a16e
001e4682bc16
c417fed8845a
0023ed8d9469
c0cb3863fb42
0015d148da01
0015d1491135
000e5cb59302
000ce5ec9644
000e5c03fc9e
002210c88906
000e5c627248
001cfb425c16
001dcec04f60
001dcec05785
000b06ecb04e
000e5c0dff6a
000ce55f9e1c
001371b67cb0
001311fae4a9
000ce5f839b6
1.23E+82
0015a221f69c
001225835b84
0015a30b6cc7
00195ee5ef2e
0015a41cd161
0015a41cf9b5
0015ceb45664
000ce55eb686
000f9f54e6a2
0015961a7d9f
0011ae016602
00111ae647be
00159a05476e
0011ae8fcf9a
0015964f9eb8
0015a21a70ad
001e46c099f2
0015ceb41794
c0cb3863fb82
001adef5c3ce
000b06ef3b7c
000ce58dfe72
e0469a939be8
00111ae0f278
001404d97f9a
0011ae8bc024
0014e88c1716
0018c0bc1044
0018c0b79f9c
001a668f43ba
001a6683d502
001e4682ac70
001e46ad974a
000ce5ed7364
000ce58de400
000ce5b47636
000e5cbacb50
000e5c66dc48
000b06edd80a
001596e4b998
0014e8973130
001dcec02a4f
1225032570
000e5c0624a0
0011aea46f4c
000ce5f80068
0016b530371c
001e46828ed4
001e46aced26
2374591300
000e5c6da8fc
000ce5993d2c
000ce5f20638
000e5c1edf08
000ce51a5dd0
000e5c624bfa
000e5c66e1b0
001cfb4198b0
000ce58aa336
000e5cb74250
000ce58a9fe2
000e5cd99a64
0015a4ac2523
002210c74e96
002210ca7932
0021438f4136
00237404342e
0021439a97bc
002210c73354
00214399ac54
001adee3b69c
002210e0aa0c
00237401358a
00237405516a
00237405402a
0021439cf454
002143911af4
002374055be4
000ce591b2d8
00214391f984
00237404d520
00237408a37e
001dcec05434
001dcec05515
001dcec04552
001dcec02029
001dcec0521b
001dcec01b1f
001dcec01a5c
001dcec0780a
001dcebf99e0
001dcebf46f1
001dcebf590c
001dceff51da
001dceff4172
001dceff4f19
001dceff49eb
001dceff4f13
001dceff4cf7
001dceff4f5b
001dceff4fa9
001dceff4c4c
001dceff30fe
001dceff4fa0
001dceff4f8b
001dceff4f07
001dceff2a0e
001dceff393b
0015ceefa5c3
001dcec03463
f45fd4b7d54a
001dcfe38a85
001dceffd895
00111a1ca7e2
00122574cff0
0012c90f48d4
0011aec6a3b6
00111a250fa6
0013114c71cf
0012c99bc47a
00122598c890
000e5c6d090a
001371b52b8a
001225d70a26
000f9f94271e
00111a252404
000b063e3ace
001225dc8cd2
000e5c22fbde
00111a250efc
1225465016
0011ae014d4a
0013114c72bb
0013113e9eaa
001311f4d205
000f9f7a83d8
00122598c39c
001311f4fb7d
000e5cb617fa
00111a1fa498
001311c23c12
000e5cb66ba2
001311c231d6
001311c20786
0013114c55f7
0011aefea070
000ce5f4000e
1.31E+09
00111a1ca854
000e5c22faac
0012c9a00392
0012c99fbdf4
000f9f7d6b8a
001371c3df70
0015964cfcd8
0015964ced88
0012259735f6
000f9fe1aada
1.23E+07
001311400daa
000e5c014ea6
0013112578fe
0013115c6daa
1596890194
001596764f08
001596bee495
001596bee41d
001596e59710
001596beccd5
001596e595e4
001596e57900
001596e58b18
001596e577d4
001596beb9fd
001596e207a4
001596e58f18
001596e58018
0016b5300506
0016b52f0fbc
0016b52ff546
0016b52fe834
00195ecf9302
0015a21fdc10
0015a2443bbd
0015a2a626a8
0016b52ecfec
00195ecf8126
0018c0c5847e
0015a2a65158
0015a2a654b4
0015a32ae161
0015a2a63c90
0015a33f1fe5
00195ed095ea
00195ef87f6c
0015a33f13a5
00195eeb376a
0015a33f11d9
0015a33f1175
00195ee0bd9a
001a66927b74
00195ed093b6
001ade7dea5c
001311463b8b
001ade7f4474
0015a41dbeed
0015a41dafd5
0015a41cd1cd
0015a41d0f19
0015a41d00a9
0015a48317af
001ade7a9476
0015a4832177
001e4682a5b0
0015a482edfb
0015ce8c0e24
0015cf099557
001e46c24322
001e46abe22e
001a66929040
001e46abf6fc
001e46abe6d2
001e46acb1c4
0015ce8bd5bd
001e46c24346
0015ce8c092c
001e46bd6a8c
0023744d9184
0023744e83ec
0015cfa0ed1f
0015cfa0ba13
0015cfa0b716
0015cfdcd343
0023ed6ec2d3
0023ed6ec1fa
0023ed9b8a26
0024a0ac8cf0
0015d0105b17
904ce5357cfa
001e46975a08
0015d029425f
c417fe446268
c417fe54f942
c417fe78a488
0015d0291dbb
f07bcb9750f2
0015d0294efb
f07bcb9732d4
78e4008cec24
78e400679680
0015d1a0f7d9
0015d0c3803f
78e400c9a99c
78e400679332
0015d1a0f3b5
c0cb3832609c
c0cb3848edf0
c0cb3863ffba
000a73af9ac7
0015d1a0abf5
000e5cb99fa8
0026f3e83039
0015a4c30ffd
0023740384a2
001cfb0f050a
001adee6d98e
0015a4cee34d
0015a4452245
000ce55fa6fa
001cfb1b7434
2374008316
00214388b6d6
000ce55e4988
002143acbaba
000b06ecbe32
000e5c624b06
0015d0532bcf
0015cf7515c7
000ce598b058
000e5c0e0a8a
001adef257d4
002143b465f2
000ce5f219a0
000e5c1bec7a
0015cf74f79b
001cfb4230b4
002210ca7f74
000ce5b4b5b2
002210c7889e
002210c79738
001cfb1af6f4
0021439b3e90
002210c63b26
002143ad1670
2374079428
001cfb4247be
002210c827da
001cfb1abc92
002210de7e34
002210dfb6b8
00237400e3ca
2143912652
2374016530
001dcebf299f
001dcebfab98
001dcec0554b
001dcec044b9
001dcec048c7
001dcec010cf
001dcec010e4
001dcec050b9
001dcec01ad4
001dcec0153a
001dcec01b40
001dcec04933
001dcec03eef
001dcec04ae6
001dceff4292
001dcebf52d6
001dceff4c88
001dceff5003
001dceff3ef0
001dceff4232
001dceff4c85
001dceff34a9
001dceff4fb2
001dceff4df3
001dceff4f55
e448c731cec6
001dcec32152
000ce55fd9ac
001dcec01582
001dcfddb2bd
001dcefaa7ce
f45fd4b7538a
001371bade1e
001225db345c
001596e4b2b8
000ce5b12dce
001dcec01db6
001371b670d8
000f9fe1ae4c
0011aec2f9a2
0013114c6f43
0013115c4676
0013115c585e
0011ae050e72
0013115c598a
0012253df1a6
0013115dc32a
1596108043
001311e5d6b7
00125572e3ba
001311f42815
00111a1fa6b2
0014e890ca92
0013112924b2
0013115dc3ee
001371b63e7a
0016b52f318e
000ce5f61bc2
0013115c5a12
001371b63eb0
001311b9dc26
001311c55fca
0014e892edf8
00122542458e
001225973a10
0011aefeb25a
00159632915c
0015963047bc
0016b52f31c2
1596958504
0011aec77fde
001371b68908
001371b67162
000f9f946b08
001596bee919
001596da22ec
0015964d7fcc
001596c470cd
001596c1bd75
0011aec77fec
0015a23dc955
0015a23dcae1
0015a2a29c0c
0015a24f7b02
0015a24f7c1e
0015a32baae1
0015a32baa15
0015a32bab91
0015969bee0d
0015a32b8489
0015a32b8539
0015a32baca1
0015a32bae75
0015a33f5381
00195eda7fb4
0014e892cc94
0015a33f5b45
001ade657428
001ade7aeb02
001ade7a9e2e
0015a41dbd21
0015a47dd9db
001225035df6
0015a48302d3
0015a482effb
0015a482ef5b
0015ce8bfc9f
0015ce8c0ad0
0015ce8c0dd3
001e46a93496
0015ce8c1052
0015ce8c09e9
0015cf098cdb
0015cf09bc9c
001e46abe8d8
0015cf099281
0023744e5812
c417fe907d24
0015d028fe47
0015d0294357
78e400943dca
78e4008cd9ba
0015d1a0f6dd
78e4006792a4
78e400942fee
c0cb3863faf6
000a73acf0dc
0015a481249b
00137184a30a
001dce37660e
0021439d58b6
0021438b6f18
002374036b0a
001e5a2a8fd2
001adee1cb7a
002210df537c
001adee169a0
000ce5b5d81a
000ce530533a
0015a4c31c69
001dcec03d24
001dcec04978
001dcec04918
001dcec01d86
001dcec017c8
001dcec03025
001dcec05734
001dcec056ec
001dcfdf7de4
00122501b58e
00111a345dde
001371b670ce
00111a2522f2
0013115dc39e
000ce5f81788
000f9f209296
000ce5ecf0b4
000f9f9428f6
000f9f201adc
000f9f9429f2
001596107e3f
001311fb8bd1
000e5ce8e3f0
001311fb995d
001311ba0b12
0013115dc5ae
001311e5d433
001311c55a7e
0011aec3d3e2
0013115dbbfa
000f9fea508a
001311fbf005
001371b63df2
0011ae03b92e
000f9f213936
0011ae01253a
0014e892cdfc
00152fba5d94
000f9fe1b22a
001371b66bd6
000e5c652ed0
000f9f57a802
000ce5eceff4
000f9fa86312
0012253df39a
000e5cb673a2
000f9fa5dc34
00111a345dd6
001311fb987d
001311c5611e
001311e5d4bf
0011aec52c4a
001311c6bf5a
001311b9d1de
000ce5ecf082
001225984e5e
000f9fa81922
001225da827e
001371b669c2
001311fbf0e9
0014e892dfb2
000f9f201ace
0014e892e5e4
000f9f7a88d6
0011ae04e4aa
0014e892cea6
001225979efa
0013115dd3ae
0012c90af088
00111adebd4e
001371b66792
00111a2d0e1a
00111a1cc90e
000ce5f61b48
0015964f1a60
0016b52f4138
0015964f0e18
001371b68136
001371b67514
0015964f1b84
001225979f62
00111a283390
001596e4b248
001596daf014
001596bdd4f9
00195eda8422
001596bf0639
0015a23dd8b9
0015a24f781e
00195ef9cb3e
00195eda946e
0015a2a299ac
0015a2a29a70
0015a2a29ed8
0015a32aba11
0015a32ac2d9
0015a32ac231
00195ed13f2c
0015a32aa49d
00195edfd212
00195edaa20e
00195ed244de
00195edfd28a
00195ed13fbe
0015a33f54a5
001ade79ebf0
0015a33f57f1
0015a482e08b
0015a482e2eb
001e467fc372
001e468a82f6
0015ce8be4ed
0015ce8be859
0012c9dcd23a
001e46c2431c
001e468c99ac
0015cf0997fd
0015cf099db5
0023744d8f08
0015cf099aa3
001e46bf4320
001e46bf4298
001e46bf2958
0023ed221a3e
0023ed2215a7
0015cfa0a684
0023ee26121b
0023ee260738
c417fe44707a
c417fe9d91b4
c417fe9d8d9a
c417fe9d81c2
c417fe9d4c74
c417fe9d2d1c
c417fe9d4d14
f07bcb70c6f2
f07bcb70c712
78e400943b92
78e400943d7a
78e400943af6
0015d02949cb
78e400943f6c
78e4008cd386
78e4008cd496
f07bcb96ca04
f07bcb96daa4
f07bcb96e024
78e4008cec78
f07bcb96dfd0
c0cb38325e34
c0cb38326686
c0cb38327032
0015d1a0fee9
0015d1a0f2f5
c0cb3863f6b8
000f21e95fb9
0015d1a0a415
0015d148ed71
0015a43d8d65
0015a4c30745
0015a4c3100d
0021438b2520
002374046f26
2143988288
001adef2ca2e
001adee62966
001cfb1b5fb8
2143921706
001dcec0415c
000ce5b47602
000b06f23c66
000ce53293cc
001dcec016ff
001dcec03172
000e5cda7ebc
001dcebf9b06
000b06ec7a3c
000e5c1eb512
000ce5f1ffa0
000e5cd99fce
000ce5ed605c
000e5c1fb708
000ce5f0a264
000e5cdf504e
000ce5f22b9e
000ce5f0b064
000e5c1eff40
001dcec0494b
001dcebf59db
000ce5977b96
000e5c0deb5e
e4839959b84d
001dcec02fce
001dcf0019c4
001dcdd62354
001dcdd997bb
001371be3f78
000f9fa72c32
0012c90b8442
000e5ce70dfc
001311f41619
0012256dcd44
0014e8973d0a
000ce5eccfb4
00122598a0cc
0011aec7e87c
001311f416a1
001311ca77ea
000ce5edb1d4
001311ca74ce
0014e8973cfa
00111a273c4a
0013112418ee
001596e731bc
0015969bff49
001596a562a9
0015a2458a99
0015a2a282f4
0015a33c6f71
0015a33c2f49
0015a33c428d
001a668aad9a
0015969bce7d
001a668f4648
001a668aadb6
0015a41462cd
00195ee0c08e
0015a4145f45
00195ee9d408
00195eeb3732
0015a41451a9
0015a33c49fd
0015a4146339
001a6683d436
001ade7da95a
001ade7da9a4
0015a49d1a1b
001ade7f590a
001ade7f14ea
0015a49d180f
0015ceb419e9
0015ceb41a5e
0015ceb41bc3
0015cf4c1732
0015cefd0a13
0015cefd2f36
0015d0190d2b
0015d0266073
f07bcb1e4cf6
000e5cda8aca
002143a994c2
001cfb15e640
0015a4c30a49
00237400b9d0
001cfb123366
0021439f3592
001cfb4b7590
0015cee4ac23
000b06f0c6ba
00111a1c9c68
0011aea6b97a
00111a1cb7da
00111a1bcbaa
000e5c6bd9d6
00122573b636
000f9fe1ae12
000e5c6bd9e2
0011ae920336
000b06f00402
0011aec2f646
000f9f50d05e
00111a1cb1de
00111a1bcbc6
00111a1c9b3a
0014e88c18cc
000e5ce3b4fa
000f9f1ff8f6
000e5c22fc88
000ce51676f0
00111a1c9b62
0018c0b1dec0
0018c0d5953a
0015969c12dd
001596a58101
0015969c10b1
00195ef80550
00195ed2eefe
00195ef93bde
0015a4141a9d
0015a49e234f
0015a49e1093
00195efa2ad4
00195efa1a5c
001ade7da4e0
001ade7d8a7a
001ade7a9d90
0015ceb43aef
00237493696a
2374936902
0015ceb44b24
0015cf95c53b
000ce55faf6a
002210c8e1b0
002210d9f27c
001adee4a786
002210dcc51c
001dcec0511c
000e5c6ea81c
0013115c68c2
001311c7ddaa
0015966aecc8
000e5c1de076
000f9f9469ec
0014e88ccd92
001311afa642
00122540a3c0
00125573020a
000f9fea7e6c
0013115c710a
000e5c01fd62
0015964c76ac
00131124d4ca
001311c6546e
00111a2c8604
0012c9a25278
000e5c6a2eb6
001311e74e73
000f9f954bb6
001311af61c2
1596304824
00131124ee76
0011aec9645e
001225db3760
0014e8895050
00131124d576
001311afa78e
00131124eace
00131124e2ee
000e5c6dc3d0
001311af66d6
1.40E+54
001311e6afd3
00131124e11e
000e5cbb315c
00131129d79e
000e5c65f096
000f9f943fb6
0012c90d4e7c
0015968b65f8
000e5cbb30e2
001596c465c9
001596c66b9d
00111a2754f6
001596e013c8
0016b5306054
001596a58f01
0018c0c7b144
0018c0c79e68
001596a4f1cd
0015a24db0ae
0018c0beca0c
0015a24db9fa
00195ee562b4
0015a2d5b03c
0015a2d5b458
0015a32ab659
0015a32a9979
0018c0bee822
0015a33343a9
0018c0bee6c4
001a668f50d8
0015a41cf001
001371c3cbc4
0015a41cbb8d
0015a482fd43
0015a482ff9b
0015a482fe23
001a6683b05c
001e46c43370
0015a48d954b
001e4688659e
001e4682a542
001e46885b92
0015ceb42d1e
0015cf4b99fb
0015cf4bb201
0023749047ca
0023749074d0
904ce575f66a
904ce575e140
904ce575d88c
904ce575e122
904ce575f660
c417fed8705c
f07bcb580124
f07bcb57f2da
f07bcb57f232
f07bcb580768
f07bcb580b3c
f07bcb580f5a
000b06ee98fa
000e5c1c08b6
000e5c0dede6
002374013b84
002143ad5d3e
00237404bb6a
00237419bf48
0023740738ae
001dcebfcaca
001dcebfcabb
001dcebfc860
001dcebfc4a9
001dcebfe696
001dcebfb9b4
001dcebfd9e8
002143a4c818
001dcf00201e
001dcfe07a2c
e483996ba3cc
0012c9a251e4
00122586da06
0013115c68b6
000e5c6dc3ba
00111ae566f8
0012256dcbea
001311af9d16
001311afdcb2
00131124efea
00131124ed4e
0014e88ccd84
000e5c6e816c
0012253df11c
00111a1caf48
00131124ec72
0013115c698e
001311afa89a
001225055de2
000f9fac9162
000e5cbb3156
0011aea63cc2
0012c90af03a
0015964c7618
0014045f0ba4
0014045f0c98
001311c52afe
001311c6420a
00111a1caf96
001311bc0b86
000f9fa60baa
00131124d052
0013115cde52
001311afab16
00111ae0f2c0
000f9f946e8c
000e5ce3be46
001311c7d9a2
000e5ce6f38e
001311c207d2
00111ae566f0
000f9fa60d12
0011aec8c8aa
0014e884712a
000f9f20198e
001371b9752c
0014e8844ee8
000e5cb855d8
0013115c7ca6
0014e88cd578
0015968b5844
000f9fac7f0c
0016b52f1328
001596c76119
0016b5303dda
001596e01400
0018c0c7c034
0018c0c77de6
0018c0c78f90
001596a5a7c9
0018c0beca5c
0015a24dabf2
0018c0d16e2a
00195ed2fbe6
00195ed2ef0a
0015a32adca1
0018c0bee47e
0015a33317cd
0018c0bebf1c
00195ee0f982
0015a3336a81
001a6683d69c
001ade7ae7b8
001ade7ae976
001e46882efe
001e46aab1d0
0015cf09a685
001e4682a090
001e46bd9b2c
0015cf4b9d6a
001e46bf6ecc
001e46bfb5bc
00237459314c
0015cf4b9af1
001e46aaa750
2374906480
0015cf4bb594
001e46aa9710
002374594ee0
2374538790
0015cf4b966b
0023ed6ed4da
0023ed6ed1ef
0023ed6ed353
904ce575b938
904ce575fea6
904ce575f4b0
f07bcb57f6a4
f07bcb57f2c6
f07bcb580f6c
0015d026499f
c0cb38490cf2
c0cb384910ca
000e5cdf6f0e
000ce5b47dbc
000ce530f54e
0015d1492849
000ce55e4e3c
000b06ef016a
0015d02675bf
002180d067fa
002143aaa262
2.37E+07
002374024bd0
001adef8903e
00214399b770
002374044afc
00237404c488
001dcebfc99b
001dcebfcb36
001dcebfce9f
001dcebfbe94
001dcebfda93
001dcebfd9c4
0021438d7ace
001dcf000cb9
001dcfdf8084
1596394330
0015964faadc
000f9f777f70
001311f3f401
001371bbd83a
0014e89866ac
001311f99f49
001225df0662
000e5c652e84
1.40E+42
0015a24ec6be
0015a2d5da44
0015a2d5c498
00195ee0bc18
0015a2d5dedc
0015a4918faf
0015a4918f77
001e46828eaa
001e468826ec
0015a49190d7
001e46ada832
0015cfa9d57c
0015cfa9ccf1
0015d02661cf
002143aed060
002143ad6638
001cfb40b4da
001dcec05a01
000e5c6d7bbe
1596180143
0015961800cb
000f9fa60bdc
00111adfb6de
0015962eb3e4
000e5c670388
00131195066f
0015a21fdf88
00195eeb5f5e
0015a2d5c3d4
0015a2d5c908
00195ee9bb70
00195ed24254
0015a4918acf
001e46884a62
001e46ad9ce8
000ce5b5db14
000ce532911e
000e5c1efb84
f45fd4b74b26
001371c3cf36
00159623b320
001311f9ab8d
001596e5501c
001596a4eb19
0015a4141639
0015ceb426df
0015cefcea36
78e4008cff20
0017ee53cd32
0015a479ccab
002180d12c86
1225460630
00140491970c
001225983d2a
00131163a5ee
001311c222a2
000f9f960a26
001311c2225e
00111a2840be
000e5c66ff22
001311c20d9a
001311b9e20a
001311f9add1
0011aec7379a
0011ae8a5b26
000f9f539de2
00140495328e
0013112a38c6
00111a59a780
00159630a330
0012259789c0
000e5c670352
000e5c6617c6
000f9f960a00
001311b9e22e
0011ae007f2a
001311c20b9a
0012254324c0
0012259788be
001596184a0b
0016b52efeac
1225978946
001225835c6a
0011aefd10fa
001596f46438
0018c0bec034
0018c0be9f3a
0018c0d164a2
001596e348bc
001596e34710
00195ee56452
0015a2a615e4
001596e03ccc
00195ed2fa5c
0015a33c4f4d
0015a2bcbc78
0015a33c5125
001a6683b0a0
001a668f8296
001ade7d8fb0
0015a41d9e65
0015a41db829
001ade7da8b0
001ade7daa12
0015ceb4505e
0015a49dd243
001e4688688c
0015cf09bcd8
000e5ce3091a
000e5ce2fa5a
0023ed9b94bb
0015d0266f27
c417fed88b7c
c417fed89044
f07bcb580194
f07bcb580d30
f07bcb58070a
f07bcb57f52c
78e400c95176
78e400c9435c
000b06ee9918
000b06edc20e
000ce5b4761c
001adef6c490
002374068fc4
00237408d402
001adef4c5ee
002374027cf6
002210dc8526
001cfb21de06
002210cd5982
001cfb1afd8a
001dcebf153e
001dcebf3db2
001dcebf1a0c
001dcebf158c
001dcebf16c4
002143882dba
001dcec03364
001dcec020e9
001dcec01a95
001dcec01f18
000ce55fdb9e
001dcec00f6a
001dcec030a6
001dcec00f55
001dcec076f9
001dceff6911
001dcec0324d
001dcec3205c
001dceff693e
001dceff7844
001dcd37bc68
f45fd4b73b8a
001dcec31bac
000e5c458644
000ce53171c2
000e5c1fce68
000ce5314c10
0011aec54b74
00111a1cc0c0
1.23E+68
00111a1bc8e2
00111a1cbea2
00122598462c
00111a28421c
000f9f777db0
001596182f03
000f9f960d60
0014e892e9fc
000f9f77870c
1596109603
001404dddc62
0014e892ea00
1404953338
00111a59a88a
00131165692a
000e5c1dea5e
00122571b8bc
00111a2c8038
0015963c695c
00122505748c
000e5c6617b6
000e5ce2fbca
0011ae0318e6
000f9f7c4b0a
00111a1bee5c
000e5c0205de
00111a1ca4b4
0011ae8a5244
000f9f9609d4
0011ae8a7f26
00111a1cbea0
001311f996d9
000e5c441b28
00111a1cc074
001311c23cde
0014e892e9c4
0011aec39098
0014049532b8
00111a1cc054
00122598409e
001311c2308e
0011aec6a4b0
001371bbda18
0012250204de
0016b52eee80
1311656386
001596e01044
0016b52edd0a
001596e01c9c
0018c0bec0aa
0018c0c7a678
0018c0bdd0a8
0018c0bec0c0
001596e3452c
001596e4bb24
001596e4bebc
0016b52ff56c
0016b52ff556
00195ee54862
0018c0c58488
0015966e2fa8
00195ed2cec0
0015a30b9727
001371b54e08
001a6684131a
001a6683b0e0
001a6683d4d4
001ade7f4376
001ade7f4514
0015a48d453b
001adeaab146
001adeaab2c0
001ade7da630
001ade7b01be
001e4688508c
001e4688561e
001e46882256
001e46828afa
001e46828f0c
0015cf09be37
001e4682afcc
0015cf098555
001e46829f48
001e4682c06c
001e4682c074
0015cf9c95e7
0015cf4bac7f
0015cfa6765d
0015cfa7c8c7
0015cfa7bc94
0015cfa7c900
0015cfa9d495
001225835c78
001225dac3d2
000f9f946dae
0023ed9b9eec
0023ed6eceed
0024a0ac90e5
0023ed2216dc
c417fed8429c
c417fed8925e
f07bcb5812bc
78e4009433fc
78e40094398c
78e400c99302
78e400c9bfdc
78e400c938b2
78e400c9419c
78e400c94bf2
c0cb3848eb92
c0cb38490c9e
c0cb38490962
c0cb384910c4
c0cb3863fa52
c0cb38490a16
000e5cdd32ee
000e5c62734a
002210dc1e18
000e5c03bb7e
001adee3fc20
0021438f8f60
0021438b7f56
001cfb42350a
00214389ada2
002143a4b3f6
002143ac356a
002374035cd6
00214388c70e
002210c7d84e
0021439f35e6
001dcec07e16
002210da3e4e
001dcebfb39f
001cfb4bef5e
001adef4da16
002180d01616
000e5c66d610
001dcec01df5
001dcec013f0
000ce530efda
001dcec01c2a
001dcec01bf7
001dcec03130
001dcec32041
001dcec3208c
000e5c453912
000e5c1edf70
000ce5b5f7e0
000b06ec9b92
000ce51a7828
000ce5efb21e
001dcfe37fa2
001dcf001f07
000f9fea7a5e
001311fb882d
0015a41d9289
c0cb3848fb5c
c0cb3848fdf8
000f9fa6da16
00111a345e72
0015a41db40d
0015cf099ac1
0015cf9981d5
0015cfdcc314
002374068e9e
000f9f52c944
001311e5de7f
000F9F7A88DE
000e5c64ef02
0015a2a299e8
00195ed13fa8
001a668a7fa8
001e46c09a80
0015cf998037
0023ed9b8d98
000e5c6ea9c8
001dcec058c3
f45fd4b7d3a6
0011ae007f82
001311c21d5a
00131165da6e
000ce517ab52
0012c923838e
00111a2d4b22
001311257fa2
001311c21c5e
001311659da2
00111a1be9e2
0013115dd4f6
0015961aa01b
000f9f7b8666
000ce517af16
0018c0b18e22
0018c0dd8424
0018c0d36bdc
0015964f9758
001311f9894d
00195ef93c0c
00195ef9ca5e
0015a33c6d61
001ade6562d0
0015a33c6d31
001ade65624a
001ade657298
001ade79eb20
001ade7da8ce
001ade7f1328
0015a479b88f
0015a479b6bb
000ce55dec5a
001ade7f2a76
0015ceb414f4
0017ee4f9a10
0023ed9b7dc6
f07bcb1e4836
78e4008cd24a
f07bcb970d16
001dcd68175c
001adef56c02
0021438d59a4
002143910b2e
002143aee428
001adee78296
001dcec01cfc
001dcec01d65
001dcfddb20c
000f9f78e88a
000f9f787292
0011aea63d18
00111a283ea6
00111ae4f4e6
000f9f946d66
000e5c67cdb4
00111a1bea7a
000f9f9599ce
000e5c1d37b8
000e5c699fc0
000f9f7b8688
000f9f78e8a6
0018c0c89894
0018c0c88bba
0018c0dd8d64
0015964f9898
00195ecb7a68
0018c0d36c04
0018c0d36c1a
00195ef9d4d4
00195ef9d4b0
00195ef938d4
001ade65805e
001ade7da7b8
0015a48d5487
0015a48d52bb
0015a479b9d3
0015ceb426f7
001ade7f2b28
001adeaaa9e2
001ade7d8d18
0023744e7a12
0017ee4fb976
0023ed220c92
0023749368fe
002374938efc
0023ed6ed45e
f07bcb1e48e8
f07bcb1e4d04
f07bcb1e4940
78e4008d16ba
78e4008d2bd6
f07bcb96d5ce
0015d026691f
f07bcb9756ba
000ce58dd26c
2.37E+15
002210c74d9a
0021439b4190
0021439a3960
000ce58dfe4c
000ce5b11b68
000e5c1be5a6
001dcec02a1f
f45fd4b73d58
f45fd4b7e306
001a6692ab82
000e5c44324e
000e5c65545a
0014e8920f2a
00111a274f74
000e5c671c00
001E46AA98F6
00122586d9e6
0014e8895030
0015969a5441
0015a221f470
0015a24e487e
0015a2d5e4d8
0015a33c5eb5
001e46aa9888
001e46aab0da
001e46aa98e6
001e46aa98f6
2374906612
c417fed84f76
c417fed84f9e
000ce51a3444
000e5c1e8780
0021439100ba
002210dc1182
00131165d0ae
00111a24eeb6
001311660dce
001371b68546
0013115be956
00131165ee42
0013112577f2
001225750fea
1311257862
00131123f482
0013115efa5a
0011ae012222
00111a1cd464
000e5c705910
00159617e56b
00131122f7be
000e5c44c916
000f9fe15b90
00111a1cdeba
000e5c6ec6c4
00111a2d4b2e
000ce5f49626
0016b52f5ec0
001311c7c8be
0011ae8a8f5e
000e5ce55fda
1596307038
00131123ea52
0013115c67ce
001311c5203a
000e5ce2fc9e
001311ca709a
0014e892f664
00111a2d4a90
00159611c643
00111adf788a
00111a1ce16e
0000caf43ae7
0011aea5d942
0015961aa0a7
000f9fea6ca2
0000caf46be7
001311addf32
1.31E+78
00131123fc12
001311ca3a2a
0012256dec3e
0013115d468e
0000caf46ce3
0011ae926a84
000f9f1ff912
0011ae906354
000e5c6e476a
00111a1cd40e
00122574b360
00111a1ce0aa
001311645aaa
001371b6777c
00111a1c2422
001371b6851a
000f9fea4fd4
000e5c44c952
001311660fce
00111a1c8fec
000f9f781b04
000e5c6f9f14
0000caf4665b
0015966ab474
001311ca3856
000e5cc6e95e
00131123ebfa
000f9fe17614
001371b68420
0012253e927c
0013115c796e
001311645c2a
00111a286e42
000e5ce55e46
000f9f783a9a
001371b68a34
001311f9a81d
001596c5bfb5
001311f99639
0018c0b15a46
001311f98249
0018c0b16980
001311f98221
001596e5ed3c
001596a58569
0015a21e1998
0015a21dcd28
001596f46804
0018c0dcda08
00195eca814a
0015a2a5ef98
00195eca7136
00195eca712a
0015a2a5f138
00195ef92bb2
00195efb1934
0018c0dcd78c
0015a2cce5d4
0015a2cce314
0015a2ccd000
00195eeb31c2
00195ee0b954
00195ee9d4c0
00195ee0bf36
00195eeb3782
0015a33c4911
0015a33c8761
0015a4147001
00195ee60e3c
0015a4147a21
001ade6554ee
0015a414778d
001ade6554be
0015a414787d
0015a40e66fd
001ade653ac0
0015a40e8911
0015a40e866d
0015a33c7c09
0015a2bca290
0015a2bcb580
0015a33c76ed
0015a2bcb2b4
0015a33c6b9d
0015a49dc7e3
0015a49ddd0f
001371bae93e
001a6683d3a2
001ade7f10c0
001ade7f4242
0015a49d368b
001c1083e938
001adeaaaf1a
001ade656550
001ade7d8a96
001ade7d8c50
001ade7da6cc
0015cefce86e
0015cefd25a9
0015cefd24e6
001e46a9fc5e
0015cefd0fc8
00237495cd44
0017ee4fcbc0
0023749376a8
0023749376d4
001e46bba840
0023749375bc
00237493763e
001e46bba878
0015cefd1acc
0015cf4c1915
0015cefd15e3
0023744e7b7e
0015cefd1ece
0023749376c6
0015cfcc48cf
0015cfcc4803
002374938b2c
0015a43203b9
0015cfcc3113
0023748097cc
0023744e7b20
0015a4730947
0023ed6ebfd6
0023ed6ec030
0015d0267c57
0023ed6eb413
904ce58314e0
0015d01903ab
0023ed6ebf78
0015d026678f
0015d0266cdf
0015d0266bef
f07bcb1e91c4
f07bcb1e9956
78e4008d2926
904ce5834d0a
78e4008d195e
0015d0266657
78e4008d264c
f07bcb96d69e
78e400678a46
001dcd4df7e4
78e400c952d6
f07bcb970742
78e4008d0020
0015d0266c4b
78e4008d0d7c
f07bcb975e72
c0cb3848ed64
c0cb3848f264
f07bcb973920
000f2176bcd1
0015d148968d
000ce55e3be6
000e5c0de87e
000e5c64ce02
000ce5b4ce24
000ce530fc80
002210da0d04
000b06ef094c
000ce5f22f88
002210c74b4e
000e5cdaa840
000ce51a6bc0
0021439a92c4
002210c91534
002143892c9c
000e5cdf6f5a
00237405624a
0015a21c92ac
0015a4c30f8d
0021438c6344
002210c79e58
001cfb40d28c
00214399c1de
002143ad0872
0021438ec21c
00237402982c
001adee54074
001cfb4b6660
002210c86e0c
002210e087e0
0023740636f0
00237404a172
001adee781f4
0023740444b4
002210c7b4f0
0021439e52ac
002143867fdc
0021439aeaf6
001cfb4c025a
001adef2e25e
002374007d88
001adee10bc8
002143a8ae70
001adef570fa
002210dbd066
001dcebfb300
001dcebfb2f1
001dcebfb4a4
001dcebfb243
002374063ca8
001dcec06091
001dcec060b8
00214397b18a
001dcec0610f
000ce58dfa1a
002180d13a12
001dcebf668f
001dcec03601
001adee346ca
001dcebf5bfd
001dcebf5b6a
0021438c26a2
001dcebf5342
001dcec027ee
001dcec02fda
000b06edd766
000ce59787fa
000ce51a5b7c
000b06ec78d4
001dcebf8747
001dcebf86fc
000b06f24de6
000e5c1c3618
906ebb5057b2
001dcf002552
001dcec04fde
001dcf002792
000e5cdd3940
001dcfe3635b
000ce51a4ef2
001dcfe362e0
001dcfdf7ff1
000ce52f56f4
001dcec3211f
001dcec0d6d2
000f9f779260
001311b9ff02
000e5ce3b61e
00122571dfcc
00111a1ca6b2
000e5ce2fd60
001371b5b48c
00122598c8d6
001311e675a3
000e5c6a6a8c
