      2 8313100010000217
      1 8313100010000274
      1 8313100010002312
      1 8313100010004722
      1 8313100010005968
      1 8313100010006339
      1 8313100010010851
      1 8313100010013210
      1 8313100010013707
      1 8313100010015587
      1 8313100010018235
      1 8313100010020843
      1 8313100010021783
      1 8313100010022682
      2 8313100010023052
      1 8313100010023177
      1 8313100010023227
      2 8313100010027012
      1 8313100010027418
      1 8313100010028226
      2 8313100010028432
      1 8313100010029828
      1 8313100010031246
      1 8313100010032558
      1 8313100010033366
      1 8313100010034562
      1 8313100010037169
      1 8313100010037367
      1 8313100010037870
      1 8313100010038654
      1 8313100010039421
      1 8313100010042318
      1 8313100010044157
      1 8313100010045451
      2 8313100010045626
      1 8313100010048737
      1 8313100010049560
      1 8313100010049693
      1 8313100010052168
      1 8313100010052481
      1 8313100010052580
      1 8313100010054859
      1 8313100010055807
      1 8313100010058447
      1 8313100010058611
      1 8313100010058637
      1 8313100010060864
      2 8313100010062001
      1 8313100010062506
      1 8313100010062530
      1 8313100010062910
      1 8313100010063413
      1 8313100010064304
      1 8313100010065418
      1 8313100010065442
      1 8313100010065558
      1 8313100010065988
      1 8313100010066127
      1 8313100010066929
      2 8313100010067190
      1 8313100010067331
      1 8313100010067646
      1 8313100010068214
      1 8313100010068636
      1 8313100010070483
      2 8313100010072471
      1 8313100010074444
      1 8313100010075326
      1 8313100010079336
      1 8313100010079559
      1 8313100010081902
      1 8313100010082736
      1 8313100010083106
      1 8313100010084070
      2 8313100010084757
      1 8313100010084989
      1 8313100010085069
      1 8313100010086711
      1 8313100010087784
      1 8313100010088915
      1 8313100010089384
      1 8313100010089855
      1 8313100010090572
      1 8313100010092040
      3 8313100010092990
      1 8313100010095100
      1 8313100010095548
      1 8313100010096330
      1 8313100010098138
      1 8313100010099037
      1 8313100010101288
      1 8313100010103334
      3 8313100010104126
      1 8313100010104779
      1 8313100010104977
      2 8313100010105362
      2 8313100010107277
      1 8313100010108291
      1 8313100010109661
      1 8313100010503590
./deletesub.pl 8313100010000274

./deletesub.pl 8313100010002312

./deletesub.pl 8313100010004722

./deletesub.pl 8313100010005968

./deletesub.pl 8313100010006339

./deletesub.pl 8313100010010851

./deletesub.pl 8313100010013210

./deletesub.pl 8313100010013707

./deletesub.pl 8313100010015587

./deletesub.pl 8313100010018235

./deletesub.pl 8313100010020843

./deletesub.pl 8313100010021783

./deletesub.pl 8313100010022682

./deletesub.pl 8313100010023052

8313100010000217
8313100010023052
8313100010027012
8313100010028432
8313100010045626
8313100010062001
8313100010067190
8313100010072471
8313100010084757
8313100010092990
8313100010092990
8313100010104126
8313100010104126
8313100010105362
8313100010107277
